2026-04-27 16:06:54 - chaos - INFO - 清除故障：env=all, type=all
2026-04-27 16:06:54 - chaos.utils.remote - INFO - 后台健康检查线程已启动
2026-04-27 16:06:54 - chaos - INFO - 清除环境 1_ssh_remote 的故障
2026-04-27 16:06:54 - chaos - INFO - 清除环境 1_ssh_remote 的网络故障
2026-04-27 16:06:54 - chaos - INFO - 网络设备: eth0, 命名空间: ns-dupf
2026-04-27 16:06:54 - chaos - INFO - 节点名称: dupf01
2026-04-27 16:06:54 - chaos.utils.remote - INFO - 创建新连接: root@10.230.246.167:50163
2026-04-27 16:06:55 - chaos.utils.remote - INFO - SSH连接建立成功: 10.230.246.167:50163, 耗时: 0.10s
2026-04-27 16:06:55 - chaos.utils.remote - INFO - 新连接创建成功: root@10.230.246.167:50163，当前连接池大小: 1
2026-04-27 16:06:55 - chaos - INFO - 获取 Pod 列表，namespace: ns-dupf, nodename: dupf01
2026-04-27 16:06:58 - chaos - INFO - 找到 16 个 Pod
2026-04-27 16:06:58 - chaos - INFO - 找到 16 个 pod
2026-04-27 16:06:58 - chaos - INFO - 清除 Pod dupf-ddb-shd-0-0 的网络故障
2026-04-27 16:06:58 - chaos - INFO - 命名空间: ns-dupf, 网络设备: eth0
2026-04-27 16:06:58 - chaos - INFO - 获取 Pod dupf-ddb-shd-0-0 的 pause 容器 ID
2026-04-27 16:06:58 - chaos - INFO - 解析后的 pause 容器 ID: 80b3fda8055d
2026-04-27 16:06:58 - chaos - INFO - 获取容器的 PID
2026-04-27 16:06:58 - chaos - INFO - 容器 ID: 80b3fda8055d
2026-04-27 16:06:58 - chaos - INFO - 提取的容器 PID: 48960
2026-04-27 16:06:58 - chaos - INFO - Pod dupf-ddb-shd-0-0 的网络故障清除成功
2026-04-27 16:06:58 - chaos - INFO - 清除 Pod dupf-ddb-shd-2-0 的网络故障
2026-04-27 16:06:58 - chaos - INFO - 命名空间: ns-dupf, 网络设备: eth0
2026-04-27 16:06:58 - chaos - INFO - 获取 Pod dupf-ddb-shd-2-0 的 pause 容器 ID
2026-04-27 16:06:58 - chaos - INFO - 解析后的 pause 容器 ID: 85336d4da3d9
2026-04-27 16:06:58 - chaos - INFO - 获取容器的 PID
2026-04-27 16:06:58 - chaos - INFO - 容器 ID: 85336d4da3d9
2026-04-27 16:06:58 - chaos - INFO - 提取的容器 PID: 52464
2026-04-27 16:06:58 - chaos - INFO - Pod dupf-ddb-shd-2-0 的网络故障清除成功
2026-04-27 16:06:58 - chaos - INFO - 清除 Pod dupf-etcd-2 的网络故障
2026-04-27 16:06:58 - chaos - INFO - 命名空间: ns-dupf, 网络设备: eth0
2026-04-27 16:06:58 - chaos - INFO - 获取 Pod dupf-etcd-2 的 pause 容器 ID
2026-04-27 16:06:59 - chaos - INFO - 解析后的 pause 容器 ID: c677ec7f8075
2026-04-27 16:06:59 - chaos - INFO - 获取容器的 PID
2026-04-27 16:06:59 - chaos - INFO - 容器 ID: c677ec7f8075
2026-04-27 16:06:59 - chaos - INFO - 提取的容器 PID: 45106
2026-04-27 16:06:59 - chaos - INFO - Pod dupf-etcd-2 的网络故障清除成功
2026-04-27 16:06:59 - chaos - INFO - 清除 Pod dupf-file-sync-b45ns 的网络故障
2026-04-27 16:06:59 - chaos - INFO - 命名空间: ns-dupf, 网络设备: eth0
2026-04-27 16:06:59 - chaos - INFO - 获取 Pod dupf-file-sync-b45ns 的 pause 容器 ID
2026-04-27 16:06:59 - chaos - INFO - 解析后的 pause 容器 ID: c0e50740b3ce
2026-04-27 16:06:59 - chaos - INFO - 获取容器的 PID
2026-04-27 16:06:59 - chaos - INFO - 容器 ID: c0e50740b3ce
2026-04-27 16:06:59 - chaos - INFO - 提取的容器 PID: 47652
2026-04-27 16:06:59 - chaos - INFO - Pod dupf-file-sync-b45ns 的网络故障清除成功
2026-04-27 16:06:59 - chaos - INFO - 清除 Pod dupf-node-monitor-2pqrs 的网络故障
2026-04-27 16:06:59 - chaos - INFO - 命名空间: ns-dupf, 网络设备: eth0
2026-04-27 16:06:59 - chaos - INFO - 获取 Pod dupf-node-monitor-2pqrs 的 pause 容器 ID
2026-04-27 16:06:59 - chaos - INFO - 解析后的 pause 容器 ID: 228c4b91c7b8
2026-04-27 16:06:59 - chaos - INFO - 获取容器的 PID
2026-04-27 16:06:59 - chaos - INFO - 容器 ID: 228c4b91c7b8
2026-04-27 16:06:59 - chaos - INFO - 提取的容器 PID: 47822
2026-04-27 16:06:59 - chaos - INFO - Pod dupf-node-monitor-2pqrs 的网络故障清除成功
2026-04-27 16:06:59 - chaos - INFO - 清除 Pod dupf-prometheus-795c67c9dc-9x4kz 的网络故障
2026-04-27 16:06:59 - chaos - INFO - 命名空间: ns-dupf, 网络设备: eth0
2026-04-27 16:06:59 - chaos - INFO - 获取 Pod dupf-prometheus-795c67c9dc-9x4kz 的 pause 容器 ID
2026-04-27 16:07:00 - chaos - INFO - 解析后的 pause 容器 ID: 3e1b1848081b
2026-04-27 16:07:00 - chaos - INFO - 获取容器的 PID
2026-04-27 16:07:00 - chaos - INFO - 容器 ID: 3e1b1848081b
2026-04-27 16:07:00 - chaos - INFO - 提取的容器 PID: 45626
2026-04-27 16:07:00 - chaos - INFO - Pod dupf-prometheus-795c67c9dc-9x4kz 的网络故障清除成功
2026-04-27 16:07:00 - chaos - INFO - 清除 Pod dupf-registry-center-1 的网络故障
2026-04-27 16:07:00 - chaos - INFO - 命名空间: ns-dupf, 网络设备: eth0
2026-04-27 16:07:00 - chaos - INFO - 获取 Pod dupf-registry-center-1 的 pause 容器 ID
2026-04-27 16:07:00 - chaos - INFO - 解析后的 pause 容器 ID: 23bd43bb24b7
2026-04-27 16:07:00 - chaos - INFO - 获取容器的 PID
2026-04-27 16:07:00 - chaos - INFO - 容器 ID: 23bd43bb24b7
2026-04-27 16:07:00 - chaos - INFO - 提取的容器 PID: 47501
2026-04-27 16:07:00 - chaos - INFO - Pod dupf-registry-center-1 的网络故障清除成功
2026-04-27 16:07:00 - chaos - INFO - 清除 Pod dupf-sdb-1 的网络故障
2026-04-27 16:07:00 - chaos - INFO - 命名空间: ns-dupf, 网络设备: eth0
2026-04-27 16:07:00 - chaos - INFO - 获取 Pod dupf-sdb-1 的 pause 容器 ID
2026-04-27 16:07:00 - chaos - INFO - 解析后的 pause 容器 ID: ce57a5815b97
2026-04-27 16:07:00 - chaos - INFO - 获取容器的 PID
2026-04-27 16:07:00 - chaos - INFO - 容器 ID: ce57a5815b97
2026-04-27 16:07:00 - chaos - INFO - 提取的容器 PID: 48978
2026-04-27 16:07:00 - chaos - INFO - Pod dupf-sdb-1 的网络故障清除成功
2026-04-27 16:07:00 - chaos - INFO - 清除 Pod dupf-sdb-sentinel-1 的网络故障
2026-04-27 16:07:00 - chaos - INFO - 命名空间: ns-dupf, 网络设备: eth0
2026-04-27 16:07:00 - chaos - INFO - 获取 Pod dupf-sdb-sentinel-1 的 pause 容器 ID
2026-04-27 16:07:01 - chaos - INFO - 解析后的 pause 容器 ID: 62ed634a4faa
2026-04-27 16:07:01 - chaos - INFO - 获取容器的 PID
2026-04-27 16:07:01 - chaos - INFO - 容器 ID: 62ed634a4faa
2026-04-27 16:07:01 - chaos - INFO - 提取的容器 PID: 48887
2026-04-27 16:07:01 - chaos - INFO - Pod dupf-sdb-sentinel-1 的网络故障清除成功
2026-04-27 16:07:01 - chaos - INFO - 清除 Pod dupf-sf-mq-proxy-1 的网络故障
2026-04-27 16:07:01 - chaos - INFO - 命名空间: ns-dupf, 网络设备: eth0
2026-04-27 16:07:01 - chaos - INFO - 获取 Pod dupf-sf-mq-proxy-1 的 pause 容器 ID
2026-04-27 16:07:01 - chaos - INFO - 解析后的 pause 容器 ID: 5f13743382d0
2026-04-27 16:07:01 - chaos - INFO - 获取容器的 PID
2026-04-27 16:07:01 - chaos - INFO - 容器 ID: 5f13743382d0
2026-04-27 16:07:01 - chaos - INFO - 提取的容器 PID: 49750
2026-04-27 16:07:01 - chaos - INFO - Pod dupf-sf-mq-proxy-1 的网络故障清除成功
2026-04-27 16:07:01 - chaos - INFO - 清除 Pod dupf-upc-76bbbd9fbb-blxm6 的网络故障
2026-04-27 16:07:01 - chaos - INFO - 命名空间: ns-dupf, 网络设备: eth0
2026-04-27 16:07:01 - chaos - INFO - 获取 Pod dupf-upc-76bbbd9fbb-blxm6 的 pause 容器 ID
2026-04-27 16:07:01 - chaos - INFO - 解析后的 pause 容器 ID: 22d62e95c561
2026-04-27 16:07:01 - chaos - INFO - 获取容器的 PID
2026-04-27 16:07:01 - chaos - INFO - 容器 ID: 22d62e95c561
2026-04-27 16:07:01 - chaos - INFO - 提取的容器 PID: 45979
2026-04-27 16:07:01 - chaos - INFO - Pod dupf-upc-76bbbd9fbb-blxm6 的网络故障清除成功
2026-04-27 16:07:01 - chaos - INFO - 清除 Pod dupf-upc-76bbbd9fbb-thcg7 的网络故障
2026-04-27 16:07:01 - chaos - INFO - 命名空间: ns-dupf, 网络设备: eth0
2026-04-27 16:07:01 - chaos - INFO - 获取 Pod dupf-upc-76bbbd9fbb-thcg7 的 pause 容器 ID
2026-04-27 16:07:02 - chaos - INFO - 解析后的 pause 容器 ID: 05b428fcbb05
2026-04-27 16:07:02 - chaos - INFO - 获取容器的 PID
2026-04-27 16:07:02 - chaos - INFO - 容器 ID: 05b428fcbb05
2026-04-27 16:07:02 - chaos - INFO - 提取的容器 PID: 44948
2026-04-27 16:07:02 - chaos - INFO - Pod dupf-upc-76bbbd9fbb-thcg7 的网络故障清除成功
2026-04-27 16:07:02 - chaos - INFO - 清除 Pod dupf-upc-lb-2-85654d56c9-ngnvs 的网络故障
2026-04-27 16:07:02 - chaos - INFO - 命名空间: ns-dupf, 网络设备: eth0
2026-04-27 16:07:02 - chaos - INFO - 获取 Pod dupf-upc-lb-2-85654d56c9-ngnvs 的 pause 容器 ID
2026-04-27 16:07:02 - chaos - INFO - 解析后的 pause 容器 ID: 97afaf93c871
2026-04-27 16:07:02 - chaos - INFO - 获取容器的 PID
2026-04-27 16:07:02 - chaos - INFO - 容器 ID: 97afaf93c871
2026-04-27 16:07:02 - chaos - INFO - 提取的容器 PID: 1914
2026-04-27 16:07:02 - chaos - INFO - Pod dupf-upc-lb-2-85654d56c9-ngnvs 的网络故障清除成功
2026-04-27 16:07:02 - chaos - INFO - 清除 Pod dupf-upu-dupf01-1-7c9b66cbbf-cw9zq 的网络故障
2026-04-27 16:07:02 - chaos - INFO - 命名空间: ns-dupf, 网络设备: eth0
2026-04-27 16:07:02 - chaos - INFO - 获取 Pod dupf-upu-dupf01-1-7c9b66cbbf-cw9zq 的 pause 容器 ID
2026-04-27 16:07:02 - chaos - INFO - 解析后的 pause 容器 ID: 4dff3d31f0f4
2026-04-27 16:07:02 - chaos - INFO - 获取容器的 PID
2026-04-27 16:07:02 - chaos - INFO - 容器 ID: 4dff3d31f0f4
2026-04-27 16:07:02 - chaos - INFO - 提取的容器 PID: 1884
2026-04-27 16:07:02 - chaos - INFO - Pod dupf-upu-dupf01-1-7c9b66cbbf-cw9zq 的网络故障清除成功
2026-04-27 16:07:02 - chaos - INFO - 清除 Pod dupf-upu-dupf01-2-8bf594484-lpvr7 的网络故障
2026-04-27 16:07:02 - chaos - INFO - 命名空间: ns-dupf, 网络设备: eth0
2026-04-27 16:07:02 - chaos - INFO - 获取 Pod dupf-upu-dupf01-2-8bf594484-lpvr7 的 pause 容器 ID
2026-04-27 16:07:03 - chaos - INFO - 解析后的 pause 容器 ID: 753add9f0c46
2026-04-27 16:07:03 - chaos - INFO - 获取容器的 PID
2026-04-27 16:07:03 - chaos - INFO - 容器 ID: 753add9f0c46
2026-04-27 16:07:03 - chaos - INFO - 提取的容器 PID: 46597
2026-04-27 16:07:03 - chaos - INFO - Pod dupf-upu-dupf01-2-8bf594484-lpvr7 的网络故障清除成功
2026-04-27 16:07:03 - chaos - INFO - 清除 Pod dupf-upu-dupf01-3-5bc77f6459-qshrk 的网络故障
2026-04-27 16:07:03 - chaos - INFO - 命名空间: ns-dupf, 网络设备: eth0
2026-04-27 16:07:03 - chaos - INFO - 获取 Pod dupf-upu-dupf01-3-5bc77f6459-qshrk 的 pause 容器 ID
2026-04-27 16:07:03 - chaos - INFO - 解析后的 pause 容器 ID: 2fa9c7547237
2026-04-27 16:07:03 - chaos - INFO - 获取容器的 PID
2026-04-27 16:07:03 - chaos - INFO - 容器 ID: 2fa9c7547237
2026-04-27 16:07:03 - chaos - INFO - 提取的容器 PID: 46806
2026-04-27 16:07:03 - chaos - INFO - Pod dupf-upu-dupf01-3-5bc77f6459-qshrk 的网络故障清除成功
2026-04-27 16:07:03 - chaos - INFO - 环境 1_ssh_remote 网络故障清除完成：成功 16, 失败 0
2026-04-27 16:07:03 - chaos - INFO - 清除环境 2_ssh_remote 的故障
2026-04-27 16:07:03 - chaos - INFO - 清除环境 2_ssh_remote 的网络故障
2026-04-27 16:07:03 - chaos - INFO - 网络设备: eth0, 命名空间: ns-dupf
2026-04-27 16:07:03 - chaos - INFO - 节点名称: dupf02
2026-04-27 16:07:03 - chaos.utils.remote - INFO - 创建新连接: root@10.230.246.168:50163
2026-04-27 16:07:03 - chaos.utils.remote - INFO - SSH连接建立成功: 10.230.246.168:50163, 耗时: 0.12s
2026-04-27 16:07:03 - chaos.utils.remote - INFO - 新连接创建成功: root@10.230.246.168:50163，当前连接池大小: 2
2026-04-27 16:07:03 - chaos - INFO - 获取 Pod 列表，namespace: ns-dupf, nodename: dupf02
2026-04-27 16:07:05 - chaos - INFO - 找到 16 个 Pod
2026-04-27 16:07:05 - chaos - INFO - 找到 16 个 pod
2026-04-27 16:07:05 - chaos - INFO - 清除 Pod dupf-ddb-shd-0-2 的网络故障
2026-04-27 16:07:05 - chaos - INFO - 命名空间: ns-dupf, 网络设备: eth0
2026-04-27 16:07:05 - chaos - INFO - 获取 Pod dupf-ddb-shd-0-2 的 pause 容器 ID
2026-04-27 16:07:05 - chaos - INFO - 解析后的 pause 容器 ID: c4ab74a848a3
2026-04-27 16:07:05 - chaos - INFO - 获取容器的 PID
2026-04-27 16:07:05 - chaos - INFO - 容器 ID: c4ab74a848a3
2026-04-27 16:07:05 - chaos - INFO - 提取的容器 PID: 61393
2026-04-27 16:07:05 - chaos - INFO - Pod dupf-ddb-shd-0-2 的网络故障清除成功
2026-04-27 16:07:05 - chaos - INFO - 清除 Pod dupf-ddb-shd-1-2 的网络故障
2026-04-27 16:07:05 - chaos - INFO - 命名空间: ns-dupf, 网络设备: eth0
2026-04-27 16:07:05 - chaos - INFO - 获取 Pod dupf-ddb-shd-1-2 的 pause 容器 ID
2026-04-27 16:07:05 - chaos - INFO - 解析后的 pause 容器 ID: e03b8144af12
2026-04-27 16:07:05 - chaos - INFO - 获取容器的 PID
2026-04-27 16:07:05 - chaos - INFO - 容器 ID: e03b8144af12
2026-04-27 16:07:06 - chaos - INFO - 提取的容器 PID: 28458
2026-04-27 16:07:06 - chaos - INFO - Pod dupf-ddb-shd-1-2 的网络故障清除成功
2026-04-27 16:07:06 - chaos - INFO - 清除 Pod dupf-etcd-0 的网络故障
2026-04-27 16:07:06 - chaos - INFO - 命名空间: ns-dupf, 网络设备: eth0
2026-04-27 16:07:06 - chaos - INFO - 获取 Pod dupf-etcd-0 的 pause 容器 ID
2026-04-27 16:07:06 - chaos - INFO - 解析后的 pause 容器 ID: bee15d77a528
2026-04-27 16:07:06 - chaos - INFO - 获取容器的 PID
2026-04-27 16:07:06 - chaos - INFO - 容器 ID: bee15d77a528
2026-04-27 16:07:06 - chaos - INFO - 提取的容器 PID: 58602
2026-04-27 16:07:06 - chaos - INFO - Pod dupf-etcd-0 的网络故障清除成功
2026-04-27 16:07:06 - chaos - INFO - 清除 Pod dupf-file-sync-mx79j 的网络故障
2026-04-27 16:07:06 - chaos - INFO - 命名空间: ns-dupf, 网络设备: eth0
2026-04-27 16:07:06 - chaos - INFO - 获取 Pod dupf-file-sync-mx79j 的 pause 容器 ID
2026-04-27 16:07:06 - chaos - INFO - 解析后的 pause 容器 ID: 94c7efb804e1
2026-04-27 16:07:06 - chaos - INFO - 获取容器的 PID
2026-04-27 16:07:06 - chaos - INFO - 容器 ID: 94c7efb804e1
2026-04-27 16:07:06 - chaos - INFO - 提取的容器 PID: 60296
2026-04-27 16:07:06 - chaos - INFO - Pod dupf-file-sync-mx79j 的网络故障清除成功
2026-04-27 16:07:06 - chaos - INFO - 清除 Pod dupf-node-monitor-vj4gw 的网络故障
2026-04-27 16:07:06 - chaos - INFO - 命名空间: ns-dupf, 网络设备: eth0
2026-04-27 16:07:06 - chaos - INFO - 获取 Pod dupf-node-monitor-vj4gw 的 pause 容器 ID
2026-04-27 16:07:06 - chaos - INFO - 解析后的 pause 容器 ID: 1dfb5d6a63f0
2026-04-27 16:07:06 - chaos - INFO - 获取容器的 PID
2026-04-27 16:07:06 - chaos - INFO - 容器 ID: 1dfb5d6a63f0
2026-04-27 16:07:07 - chaos - INFO - 提取的容器 PID: 60387
2026-04-27 16:07:07 - chaos - INFO - Pod dupf-node-monitor-vj4gw 的网络故障清除成功
2026-04-27 16:07:07 - chaos - INFO - 清除 Pod dupf-registry-center-2 的网络故障
2026-04-27 16:07:07 - chaos - INFO - 命名空间: ns-dupf, 网络设备: eth0
2026-04-27 16:07:07 - chaos - INFO - 获取 Pod dupf-registry-center-2 的 pause 容器 ID
2026-04-27 16:07:07 - chaos - INFO - 解析后的 pause 容器 ID: 77a90f611f3b
2026-04-27 16:07:07 - chaos - INFO - 获取容器的 PID
2026-04-27 16:07:07 - chaos - INFO - 容器 ID: 77a90f611f3b
2026-04-27 16:07:07 - chaos - INFO - 提取的容器 PID: 18031
2026-04-27 16:07:07 - chaos - INFO - Pod dupf-registry-center-2 的网络故障清除成功
2026-04-27 16:07:07 - chaos - INFO - 清除 Pod dupf-sdb-2 的网络故障
2026-04-27 16:07:07 - chaos - INFO - 命名空间: ns-dupf, 网络设备: eth0
2026-04-27 16:07:07 - chaos - INFO - 获取 Pod dupf-sdb-2 的 pause 容器 ID
2026-04-27 16:07:07 - chaos - INFO - 解析后的 pause 容器 ID: b4e67bf12ce4
2026-04-27 16:07:07 - chaos - INFO - 获取容器的 PID
2026-04-27 16:07:07 - chaos - INFO - 容器 ID: b4e67bf12ce4
2026-04-27 16:07:07 - chaos - INFO - 提取的容器 PID: 61518
2026-04-27 16:07:07 - chaos - INFO - Pod dupf-sdb-2 的网络故障清除成功
2026-04-27 16:07:07 - chaos - INFO - 清除 Pod dupf-sdb-sentinel-2 的网络故障
2026-04-27 16:07:07 - chaos - INFO - 命名空间: ns-dupf, 网络设备: eth0
2026-04-27 16:07:07 - chaos - INFO - 获取 Pod dupf-sdb-sentinel-2 的 pause 容器 ID
2026-04-27 16:07:07 - chaos - INFO - 解析后的 pause 容器 ID: aa1ff6d6c573
2026-04-27 16:07:07 - chaos - INFO - 获取容器的 PID
2026-04-27 16:07:07 - chaos - INFO - 容器 ID: aa1ff6d6c573
2026-04-27 16:07:08 - chaos - INFO - 提取的容器 PID: 61301
2026-04-27 16:07:08 - chaos - INFO - Pod dupf-sdb-sentinel-2 的网络故障清除成功
2026-04-27 16:07:08 - chaos - INFO - 清除 Pod dupf-sf-mq-proxy-2 的网络故障
2026-04-27 16:07:08 - chaos - INFO - 命名空间: ns-dupf, 网络设备: eth0
2026-04-27 16:07:08 - chaos - INFO - 获取 Pod dupf-sf-mq-proxy-2 的 pause 容器 ID
2026-04-27 16:07:08 - chaos - INFO - 解析后的 pause 容器 ID: d9ba3610bec7
2026-04-27 16:07:08 - chaos - INFO - 获取容器的 PID
2026-04-27 16:07:08 - chaos - INFO - 容器 ID: d9ba3610bec7
2026-04-27 16:07:08 - chaos - INFO - 提取的容器 PID: 64883
2026-04-27 16:07:08 - chaos - INFO - Pod dupf-sf-mq-proxy-2 的网络故障清除成功
2026-04-27 16:07:08 - chaos - INFO - 清除 Pod dupf-upc-76bbbd9fbb-rt5c6 的网络故障
2026-04-27 16:07:08 - chaos - INFO - 命名空间: ns-dupf, 网络设备: eth0
2026-04-27 16:07:08 - chaos - INFO - 获取 Pod dupf-upc-76bbbd9fbb-rt5c6 的 pause 容器 ID
2026-04-27 16:07:08 - chaos - INFO - 解析后的 pause 容器 ID: 3bc8f4234fda
2026-04-27 16:07:08 - chaos - INFO - 获取容器的 PID
2026-04-27 16:07:08 - chaos - INFO - 容器 ID: 3bc8f4234fda
2026-04-27 16:07:08 - chaos - INFO - 提取的容器 PID: 58814
2026-04-27 16:07:08 - chaos - INFO - Pod dupf-upc-76bbbd9fbb-rt5c6 的网络故障清除成功
2026-04-27 16:07:08 - chaos - INFO - 清除 Pod dupf-upc-76bbbd9fbb-tjplz 的网络故障
2026-04-27 16:07:08 - chaos - INFO - 命名空间: ns-dupf, 网络设备: eth0
2026-04-27 16:07:08 - chaos - INFO - 获取 Pod dupf-upc-76bbbd9fbb-tjplz 的 pause 容器 ID
2026-04-27 16:07:08 - chaos - INFO - 解析后的 pause 容器 ID: 3df1f776f89d
2026-04-27 16:07:08 - chaos - INFO - 获取容器的 PID
2026-04-27 16:07:08 - chaos - INFO - 容器 ID: 3df1f776f89d
2026-04-27 16:07:08 - chaos - INFO - 提取的容器 PID: 6241
2026-04-27 16:07:09 - chaos - INFO - Pod dupf-upc-76bbbd9fbb-tjplz 的网络故障清除成功
2026-04-27 16:07:09 - chaos - INFO - 清除 Pod dupf-upc-lb-1-595874bc85-q6p4f 的网络故障
2026-04-27 16:07:09 - chaos - INFO - 命名空间: ns-dupf, 网络设备: eth0
2026-04-27 16:07:09 - chaos - INFO - 获取 Pod dupf-upc-lb-1-595874bc85-q6p4f 的 pause 容器 ID
2026-04-27 16:07:09 - chaos - INFO - 解析后的 pause 容器 ID: 2b1413cf7fce
2026-04-27 16:07:09 - chaos - INFO - 获取容器的 PID
2026-04-27 16:07:09 - chaos - INFO - 容器 ID: 2b1413cf7fce
2026-04-27 16:07:09 - chaos - INFO - 提取的容器 PID: 58991
2026-04-27 16:07:09 - chaos - INFO - Pod dupf-upc-lb-1-595874bc85-q6p4f 的网络故障清除成功
2026-04-27 16:07:09 - chaos - INFO - 清除 Pod dupf-upf-es-7659b6fb79-9gjbv 的网络故障
2026-04-27 16:07:09 - chaos - INFO - 命名空间: ns-dupf, 网络设备: eth0
2026-04-27 16:07:09 - chaos - INFO - 获取 Pod dupf-upf-es-7659b6fb79-9gjbv 的 pause 容器 ID
2026-04-27 16:07:09 - chaos - INFO - 解析后的 pause 容器 ID: d0e69154e224
2026-04-27 16:07:09 - chaos - INFO - 获取容器的 PID
2026-04-27 16:07:09 - chaos - INFO - 容器 ID: d0e69154e224
2026-04-27 16:07:09 - chaos - INFO - 提取的容器 PID: 59282
2026-04-27 16:07:09 - chaos - INFO - Pod dupf-upf-es-7659b6fb79-9gjbv 的网络故障清除成功
2026-04-27 16:07:09 - chaos - INFO - 清除 Pod dupf-upu-dupf02-4-f694656fc-lghfp 的网络故障
2026-04-27 16:07:09 - chaos - INFO - 命名空间: ns-dupf, 网络设备: eth0
2026-04-27 16:07:09 - chaos - INFO - 获取 Pod dupf-upu-dupf02-4-f694656fc-lghfp 的 pause 容器 ID
2026-04-27 16:07:09 - chaos - INFO - 解析后的 pause 容器 ID: c2debfa093d7
2026-04-27 16:07:09 - chaos - INFO - 获取容器的 PID
2026-04-27 16:07:09 - chaos - INFO - 容器 ID: c2debfa093d7
2026-04-27 16:07:09 - chaos - INFO - 提取的容器 PID: 59589
2026-04-27 16:07:10 - chaos - INFO - Pod dupf-upu-dupf02-4-f694656fc-lghfp 的网络故障清除成功
2026-04-27 16:07:10 - chaos - INFO - 清除 Pod dupf-upu-dupf02-5-58475bdc49-rg2xb 的网络故障
2026-04-27 16:07:10 - chaos - INFO - 命名空间: ns-dupf, 网络设备: eth0
2026-04-27 16:07:10 - chaos - INFO - 获取 Pod dupf-upu-dupf02-5-58475bdc49-rg2xb 的 pause 容器 ID
2026-04-27 16:07:10 - chaos - INFO - 解析后的 pause 容器 ID: 6092725f2f87
2026-04-27 16:07:10 - chaos - INFO - 获取容器的 PID
2026-04-27 16:07:10 - chaos - INFO - 容器 ID: 6092725f2f87
2026-04-27 16:07:10 - chaos - INFO - 提取的容器 PID: 59786
2026-04-27 16:07:10 - chaos - INFO - Pod dupf-upu-dupf02-5-58475bdc49-rg2xb 的网络故障清除成功
2026-04-27 16:07:10 - chaos - INFO - 清除 Pod dupf-upu-dupf02-6-656bcb64c8-rlb54 的网络故障
2026-04-27 16:07:10 - chaos - INFO - 命名空间: ns-dupf, 网络设备: eth0
2026-04-27 16:07:10 - chaos - INFO - 获取 Pod dupf-upu-dupf02-6-656bcb64c8-rlb54 的 pause 容器 ID
2026-04-27 16:07:10 - chaos - INFO - 解析后的 pause 容器 ID: c8af15cef6de
2026-04-27 16:07:10 - chaos - INFO - 获取容器的 PID
2026-04-27 16:07:10 - chaos - INFO - 容器 ID: c8af15cef6de
2026-04-27 16:07:10 - chaos - INFO - 提取的容器 PID: 60065
2026-04-27 16:07:10 - chaos - INFO - Pod dupf-upu-dupf02-6-656bcb64c8-rlb54 的网络故障清除成功
2026-04-27 16:07:10 - chaos - INFO - 环境 2_ssh_remote 网络故障清除完成：成功 16, 失败 0
2026-04-27 16:07:10 - chaos - INFO - 清除环境 3_ssh_remote 的故障
2026-04-27 16:07:10 - chaos - INFO - 清除环境 3_ssh_remote 的网络故障
2026-04-27 16:07:10 - chaos - INFO - 网络设备: eth0, 命名空间: ns-dupf
2026-04-27 16:07:10 - chaos - INFO - 节点名称: dupf03
2026-04-27 16:07:10 - chaos.utils.remote - INFO - 创建新连接: root@10.230.246.169:50163
2026-04-27 16:07:10 - chaos.utils.remote - INFO - SSH连接建立成功: 10.230.246.169:50163, 耗时: 0.11s
2026-04-27 16:07:10 - chaos.utils.remote - INFO - 新连接创建成功: root@10.230.246.169:50163，当前连接池大小: 3
2026-04-27 16:07:10 - chaos - INFO - 获取 Pod 列表，namespace: ns-dupf, nodename: dupf03
2026-04-27 16:07:13 - chaos - INFO - 找到 11 个 Pod
2026-04-27 16:07:13 - chaos - INFO - 找到 11 个 pod
2026-04-27 16:07:13 - chaos - INFO - 清除 Pod dupf-ddb-shd-1-0 的网络故障
2026-04-27 16:07:13 - chaos - INFO - 命名空间: ns-dupf, 网络设备: eth0
2026-04-27 16:07:13 - chaos - INFO - 获取 Pod dupf-ddb-shd-1-0 的 pause 容器 ID
2026-04-27 16:07:13 - chaos - INFO - 解析后的 pause 容器 ID: ce164c07e806
2026-04-27 16:07:13 - chaos - INFO - 获取容器的 PID
2026-04-27 16:07:13 - chaos - INFO - 容器 ID: ce164c07e806
2026-04-27 16:07:13 - chaos - INFO - 提取的容器 PID: 40999
2026-04-27 16:07:13 - chaos - INFO - Pod dupf-ddb-shd-1-0 的网络故障清除成功
2026-04-27 16:07:13 - chaos - INFO - 清除 Pod dupf-ddb-shd-2-1 的网络故障
2026-04-27 16:07:13 - chaos - INFO - 命名空间: ns-dupf, 网络设备: eth0
2026-04-27 16:07:13 - chaos - INFO - 获取 Pod dupf-ddb-shd-2-1 的 pause 容器 ID
2026-04-27 16:07:13 - chaos - INFO - 解析后的 pause 容器 ID: f99fc19c1beb
2026-04-27 16:07:13 - chaos - INFO - 获取容器的 PID
2026-04-27 16:07:13 - chaos - INFO - 容器 ID: f99fc19c1beb
2026-04-27 16:07:13 - chaos - INFO - 提取的容器 PID: 45240
2026-04-27 16:07:13 - chaos - INFO - Pod dupf-ddb-shd-2-1 的网络故障清除成功
2026-04-27 16:07:13 - chaos - INFO - 清除 Pod dupf-etcd-1 的网络故障
2026-04-27 16:07:13 - chaos - INFO - 命名空间: ns-dupf, 网络设备: eth0
2026-04-27 16:07:13 - chaos - INFO - 获取 Pod dupf-etcd-1 的 pause 容器 ID
2026-04-27 16:07:14 - chaos - INFO - 解析后的 pause 容器 ID: 957d6fc12935
2026-04-27 16:07:14 - chaos - INFO - 获取容器的 PID
2026-04-27 16:07:14 - chaos - INFO - 容器 ID: 957d6fc12935
2026-04-27 16:07:14 - chaos - INFO - 提取的容器 PID: 15952
2026-04-27 16:07:14 - chaos - INFO - Pod dupf-etcd-1 的网络故障清除成功
2026-04-27 16:07:14 - chaos - INFO - 清除 Pod dupf-file-sync-4s8qz 的网络故障
2026-04-27 16:07:14 - chaos - INFO - 命名空间: ns-dupf, 网络设备: eth0
2026-04-27 16:07:14 - chaos - INFO - 获取 Pod dupf-file-sync-4s8qz 的 pause 容器 ID
2026-04-27 16:07:14 - chaos - INFO - 解析后的 pause 容器 ID: b8f5ddf8ebde
2026-04-27 16:07:14 - chaos - INFO - 获取容器的 PID
2026-04-27 16:07:14 - chaos - INFO - 容器 ID: b8f5ddf8ebde
2026-04-27 16:07:14 - chaos - INFO - 提取的容器 PID: 17525
2026-04-27 16:07:14 - chaos - INFO - Pod dupf-file-sync-4s8qz 的网络故障清除成功
2026-04-27 16:07:14 - chaos - INFO - 清除 Pod dupf-node-monitor-8gx9s 的网络故障
2026-04-27 16:07:14 - chaos - INFO - 命名空间: ns-dupf, 网络设备: eth0
2026-04-27 16:07:14 - chaos - INFO - 获取 Pod dupf-node-monitor-8gx9s 的 pause 容器 ID
2026-04-27 16:07:14 - chaos - INFO - 解析后的 pause 容器 ID: 4f17d7902ec0
2026-04-27 16:07:14 - chaos - INFO - 获取容器的 PID
2026-04-27 16:07:14 - chaos - INFO - 容器 ID: 4f17d7902ec0
2026-04-27 16:07:14 - chaos - INFO - 提取的容器 PID: 17640
2026-04-27 16:07:14 - chaos - INFO - Pod dupf-node-monitor-8gx9s 的网络故障清除成功
2026-04-27 16:07:14 - chaos - INFO - 清除 Pod dupf-sdb-0 的网络故障
2026-04-27 16:07:14 - chaos - INFO - 命名空间: ns-dupf, 网络设备: eth0
2026-04-27 16:07:14 - chaos - INFO - 获取 Pod dupf-sdb-0 的 pause 容器 ID
2026-04-27 16:07:15 - chaos - INFO - 解析后的 pause 容器 ID: 58f3b7a8e4bd
2026-04-27 16:07:15 - chaos - INFO - 获取容器的 PID
2026-04-27 16:07:15 - chaos - INFO - 容器 ID: 58f3b7a8e4bd
2026-04-27 16:07:15 - chaos - INFO - 提取的容器 PID: 18810
2026-04-27 16:07:15 - chaos - INFO - Pod dupf-sdb-0 的网络故障清除成功
2026-04-27 16:07:15 - chaos - INFO - 清除 Pod dupf-upc-76bbbd9fbb-jhpm2 的网络故障
2026-04-27 16:07:15 - chaos - INFO - 命名空间: ns-dupf, 网络设备: eth0
2026-04-27 16:07:15 - chaos - INFO - 获取 Pod dupf-upc-76bbbd9fbb-jhpm2 的 pause 容器 ID
2026-04-27 16:07:15 - chaos - INFO - 解析后的 pause 容器 ID: 49116a0b48d3
2026-04-27 16:07:15 - chaos - INFO - 获取容器的 PID
2026-04-27 16:07:15 - chaos - INFO - 容器 ID: 49116a0b48d3
2026-04-27 16:07:15 - chaos - INFO - 提取的容器 PID: 16181
2026-04-27 16:07:15 - chaos - INFO - Pod dupf-upc-76bbbd9fbb-jhpm2 的网络故障清除成功
2026-04-27 16:07:15 - chaos - INFO - 清除 Pod dupf-upc-76bbbd9fbb-rh594 的网络故障
2026-04-27 16:07:15 - chaos - INFO - 命名空间: ns-dupf, 网络设备: eth0
2026-04-27 16:07:15 - chaos - INFO - 获取 Pod dupf-upc-76bbbd9fbb-rh594 的 pause 容器 ID
2026-04-27 16:07:15 - chaos - INFO - 解析后的 pause 容器 ID: 9d0a68bb5c8e
2026-04-27 16:07:15 - chaos - INFO - 获取容器的 PID
2026-04-27 16:07:15 - chaos - INFO - 容器 ID: 9d0a68bb5c8e
2026-04-27 16:07:15 - chaos - INFO - 提取的容器 PID: 20656
2026-04-27 16:07:15 - chaos - INFO - Pod dupf-upc-76bbbd9fbb-rh594 的网络故障清除成功
2026-04-27 16:07:15 - chaos - INFO - 清除 Pod dupf-upu-dupf03-7-5d67cd95dc-n45l7 的网络故障
2026-04-27 16:07:15 - chaos - INFO - 命名空间: ns-dupf, 网络设备: eth0
2026-04-27 16:07:15 - chaos - INFO - 获取 Pod dupf-upu-dupf03-7-5d67cd95dc-n45l7 的 pause 容器 ID
2026-04-27 16:07:16 - chaos - INFO - 解析后的 pause 容器 ID: 21e031f3e83c
2026-04-27 16:07:16 - chaos - INFO - 获取容器的 PID
2026-04-27 16:07:16 - chaos - INFO - 容器 ID: 21e031f3e83c
2026-04-27 16:07:16 - chaos - INFO - 提取的容器 PID: 17118
2026-04-27 16:07:16 - chaos - INFO - Pod dupf-upu-dupf03-7-5d67cd95dc-n45l7 的网络故障清除成功
2026-04-27 16:07:16 - chaos - INFO - 清除 Pod dupf-upu-dupf03-8-9695c974c-l4srg 的网络故障
2026-04-27 16:07:16 - chaos - INFO - 命名空间: ns-dupf, 网络设备: eth0
2026-04-27 16:07:16 - chaos - INFO - 获取 Pod dupf-upu-dupf03-8-9695c974c-l4srg 的 pause 容器 ID
2026-04-27 16:07:16 - chaos - INFO - 解析后的 pause 容器 ID: 0d42119419c8
2026-04-27 16:07:16 - chaos - INFO - 获取容器的 PID
2026-04-27 16:07:16 - chaos - INFO - 容器 ID: 0d42119419c8
2026-04-27 16:07:16 - chaos - INFO - 提取的容器 PID: 17186
2026-04-27 16:07:16 - chaos - INFO - Pod dupf-upu-dupf03-8-9695c974c-l4srg 的网络故障清除成功
2026-04-27 16:07:16 - chaos - INFO - 清除 Pod dupf-upu-dupf03-9-65876966d9-dqbnp 的网络故障
2026-04-27 16:07:16 - chaos - INFO - 命名空间: ns-dupf, 网络设备: eth0
2026-04-27 16:07:16 - chaos - INFO - 获取 Pod dupf-upu-dupf03-9-65876966d9-dqbnp 的 pause 容器 ID
2026-04-27 16:07:16 - chaos - INFO - 解析后的 pause 容器 ID: 736d322b3a48
2026-04-27 16:07:16 - chaos - INFO - 获取容器的 PID
2026-04-27 16:07:16 - chaos - INFO - 容器 ID: 736d322b3a48
2026-04-27 16:07:16 - chaos - INFO - 提取的容器 PID: 17333
2026-04-27 16:07:16 - chaos - INFO - Pod dupf-upu-dupf03-9-65876966d9-dqbnp 的网络故障清除成功
2026-04-27 16:07:16 - chaos - INFO - 环境 3_ssh_remote 网络故障清除完成：成功 11, 失败 0
2026-04-27 16:07:16 - chaos - INFO - 清除环境 4_ssh_remote 的故障
2026-04-27 16:07:16 - chaos - INFO - 清除环境 4_ssh_remote 的网络故障
2026-04-27 16:07:16 - chaos - INFO - 网络设备: eth0, 命名空间: ns-dupf
2026-04-27 16:07:16 - chaos - INFO - 节点名称: dupf04
2026-04-27 16:07:16 - chaos.utils.remote - INFO - 创建新连接: root@10.230.246.170:50163
2026-04-27 16:07:17 - chaos.utils.remote - INFO - SSH连接建立成功: 10.230.246.170:50163, 耗时: 0.11s
2026-04-27 16:07:17 - chaos.utils.remote - INFO - 新连接创建成功: root@10.230.246.170:50163，当前连接池大小: 4
2026-04-27 16:07:17 - chaos - INFO - 获取 Pod 列表，namespace: ns-dupf, nodename: dupf04
2026-04-27 16:07:19 - chaos - INFO - 找到 17 个 Pod
2026-04-27 16:07:19 - chaos - INFO - 找到 17 个 pod
2026-04-27 16:07:19 - chaos - INFO - 清除 Pod dupf-db-operator-7c4b689ff9-cs2bm 的网络故障
2026-04-27 16:07:19 - chaos - INFO - 命名空间: ns-dupf, 网络设备: eth0
2026-04-27 16:07:19 - chaos - INFO - 获取 Pod dupf-db-operator-7c4b689ff9-cs2bm 的 pause 容器 ID
2026-04-27 16:07:19 - chaos - INFO - 解析后的 pause 容器 ID: 516d3387b8a2
2026-04-27 16:07:19 - chaos - INFO - 获取容器的 PID
2026-04-27 16:07:19 - chaos - INFO - 容器 ID: 516d3387b8a2
2026-04-27 16:07:19 - chaos - INFO - 提取的容器 PID: 40144
2026-04-27 16:07:19 - chaos - INFO - Pod dupf-db-operator-7c4b689ff9-cs2bm 的网络故障清除成功
2026-04-27 16:07:19 - chaos - INFO - 清除 Pod dupf-ddb-shd-0-1 的网络故障
2026-04-27 16:07:19 - chaos - INFO - 命名空间: ns-dupf, 网络设备: eth0
2026-04-27 16:07:19 - chaos - INFO - 获取 Pod dupf-ddb-shd-0-1 的 pause 容器 ID
2026-04-27 16:07:19 - chaos - INFO - 解析后的 pause 容器 ID: 875e26c1eb64
2026-04-27 16:07:19 - chaos - INFO - 获取容器的 PID
2026-04-27 16:07:19 - chaos - INFO - 容器 ID: 875e26c1eb64
2026-04-27 16:07:20 - chaos - INFO - 提取的容器 PID: 43466
2026-04-27 16:07:20 - chaos - INFO - Pod dupf-ddb-shd-0-1 的网络故障清除成功
2026-04-27 16:07:20 - chaos - INFO - 清除 Pod dupf-ddb-shd-1-1 的网络故障
2026-04-27 16:07:20 - chaos - INFO - 命名空间: ns-dupf, 网络设备: eth0
2026-04-27 16:07:20 - chaos - INFO - 获取 Pod dupf-ddb-shd-1-1 的 pause 容器 ID
2026-04-27 16:07:20 - chaos - INFO - 解析后的 pause 容器 ID: 799c6194d12b
2026-04-27 16:07:20 - chaos - INFO - 获取容器的 PID
2026-04-27 16:07:20 - chaos - INFO - 容器 ID: 799c6194d12b
2026-04-27 16:07:20 - chaos - INFO - 提取的容器 PID: 45117
2026-04-27 16:07:20 - chaos - INFO - Pod dupf-ddb-shd-1-1 的网络故障清除成功
2026-04-27 16:07:20 - chaos - INFO - 清除 Pod dupf-ddb-shd-2-2 的网络故障
2026-04-27 16:07:20 - chaos - INFO - 命名空间: ns-dupf, 网络设备: eth0
2026-04-27 16:07:20 - chaos - INFO - 获取 Pod dupf-ddb-shd-2-2 的 pause 容器 ID
2026-04-27 16:07:20 - chaos - INFO - 解析后的 pause 容器 ID: 108e6e7a6529
2026-04-27 16:07:20 - chaos - INFO - 获取容器的 PID
2026-04-27 16:07:20 - chaos - INFO - 容器 ID: 108e6e7a6529
2026-04-27 16:07:20 - chaos - INFO - 提取的容器 PID: 46289
2026-04-27 16:07:20 - chaos - INFO - Pod dupf-ddb-shd-2-2 的网络故障清除成功
2026-04-27 16:07:20 - chaos - INFO - 清除 Pod dupf-file-sync-7mthz 的网络故障
2026-04-27 16:07:20 - chaos - INFO - 命名空间: ns-dupf, 网络设备: eth0
2026-04-27 16:07:20 - chaos - INFO - 获取 Pod dupf-file-sync-7mthz 的 pause 容器 ID
2026-04-27 16:07:20 - chaos - INFO - 解析后的 pause 容器 ID: 5d72b5608f8c
2026-04-27 16:07:20 - chaos - INFO - 获取容器的 PID
2026-04-27 16:07:20 - chaos - INFO - 容器 ID: 5d72b5608f8c
2026-04-27 16:07:21 - chaos - INFO - 提取的容器 PID: 42097
2026-04-27 16:07:21 - chaos - INFO - Pod dupf-file-sync-7mthz 的网络故障清除成功
2026-04-27 16:07:21 - chaos - INFO - 清除 Pod dupf-http-server-69cbbbfb7f-wbh75 的网络故障
2026-04-27 16:07:21 - chaos - INFO - 命名空间: ns-dupf, 网络设备: eth0
2026-04-27 16:07:21 - chaos - INFO - 获取 Pod dupf-http-server-69cbbbfb7f-wbh75 的 pause 容器 ID
2026-04-27 16:07:21 - chaos - INFO - 解析后的 pause 容器 ID: 598f80a2e024
2026-04-27 16:07:21 - chaos - INFO - 获取容器的 PID
2026-04-27 16:07:21 - chaos - INFO - 容器 ID: 598f80a2e024
2026-04-27 16:07:21 - chaos - INFO - 提取的容器 PID: 40488
2026-04-27 16:07:21 - chaos - INFO - Pod dupf-http-server-69cbbbfb7f-wbh75 的网络故障清除成功
2026-04-27 16:07:21 - chaos - INFO - 清除 Pod dupf-log-monitor-65798c687f-ddrk7 的网络故障
2026-04-27 16:07:21 - chaos - INFO - 命名空间: ns-dupf, 网络设备: eth0
2026-04-27 16:07:21 - chaos - INFO - 获取 Pod dupf-log-monitor-65798c687f-ddrk7 的 pause 容器 ID
2026-04-27 16:07:21 - chaos - INFO - 解析后的 pause 容器 ID: 7a9e865e0b62
2026-04-27 16:07:21 - chaos - INFO - 获取容器的 PID
2026-04-27 16:07:21 - chaos - INFO - 容器 ID: 7a9e865e0b62
2026-04-27 16:07:21 - chaos - INFO - 提取的容器 PID: 40612
2026-04-27 16:07:21 - chaos - INFO - Pod dupf-log-monitor-65798c687f-ddrk7 的网络故障清除成功
2026-04-27 16:07:21 - chaos - INFO - 清除 Pod dupf-node-monitor-djlwk 的网络故障
2026-04-27 16:07:21 - chaos - INFO - 命名空间: ns-dupf, 网络设备: eth0
2026-04-27 16:07:21 - chaos - INFO - 获取 Pod dupf-node-monitor-djlwk 的 pause 容器 ID
2026-04-27 16:07:21 - chaos - INFO - 解析后的 pause 容器 ID: 5c1a47e27f87
2026-04-27 16:07:21 - chaos - INFO - 获取容器的 PID
2026-04-27 16:07:21 - chaos - INFO - 容器 ID: 5c1a47e27f87
2026-04-27 16:07:21 - chaos - INFO - 提取的容器 PID: 42227
2026-04-27 16:07:22 - chaos - INFO - Pod dupf-node-monitor-djlwk 的网络故障清除成功
2026-04-27 16:07:22 - chaos - INFO - 清除 Pod dupf-oam-cfb4769b6-wk2fg 的网络故障
2026-04-27 16:07:22 - chaos - INFO - 命名空间: ns-dupf, 网络设备: eth0
2026-04-27 16:07:22 - chaos - INFO - 获取 Pod dupf-oam-cfb4769b6-wk2fg 的 pause 容器 ID
2026-04-27 16:07:22 - chaos - INFO - 解析后的 pause 容器 ID: 1d104aaf151a
2026-04-27 16:07:22 - chaos - INFO - 获取容器的 PID
2026-04-27 16:07:22 - chaos - INFO - 容器 ID: 1d104aaf151a
2026-04-27 16:07:22 - chaos - INFO - 提取的容器 PID: 40717
2026-04-27 16:07:22 - chaos - INFO - Pod dupf-oam-cfb4769b6-wk2fg 的网络故障清除成功
2026-04-27 16:07:22 - chaos - INFO - 清除 Pod dupf-registry-center-0 的网络故障
2026-04-27 16:07:22 - chaos - INFO - 命名空间: ns-dupf, 网络设备: eth0
2026-04-27 16:07:22 - chaos - INFO - 获取 Pod dupf-registry-center-0 的 pause 容器 ID
2026-04-27 16:07:22 - chaos - INFO - 解析后的 pause 容器 ID: 23d878914d3a
2026-04-27 16:07:22 - chaos - INFO - 获取容器的 PID
2026-04-27 16:07:22 - chaos - INFO - 容器 ID: 23d878914d3a
2026-04-27 16:07:22 - chaos - INFO - 提取的容器 PID: 24413
2026-04-27 16:07:22 - chaos - INFO - Pod dupf-registry-center-0 的网络故障清除成功
2026-04-27 16:07:22 - chaos - INFO - 清除 Pod dupf-sdb-sentinel-0 的网络故障
2026-04-27 16:07:22 - chaos - INFO - 命名空间: ns-dupf, 网络设备: eth0
2026-04-27 16:07:22 - chaos - INFO - 获取 Pod dupf-sdb-sentinel-0 的 pause 容器 ID
2026-04-27 16:07:22 - chaos - INFO - 解析后的 pause 容器 ID: a542c9ab3ac6
2026-04-27 16:07:22 - chaos - INFO - 获取容器的 PID
2026-04-27 16:07:22 - chaos - INFO - 容器 ID: a542c9ab3ac6
2026-04-27 16:07:22 - chaos - INFO - 提取的容器 PID: 43463
2026-04-27 16:07:23 - chaos - INFO - Pod dupf-sdb-sentinel-0 的网络故障清除成功
2026-04-27 16:07:23 - chaos - INFO - 清除 Pod dupf-sf-mq-proxy-0 的网络故障
2026-04-27 16:07:23 - chaos - INFO - 命名空间: ns-dupf, 网络设备: eth0
2026-04-27 16:07:23 - chaos - INFO - 获取 Pod dupf-sf-mq-proxy-0 的 pause 容器 ID
2026-04-27 16:07:23 - chaos - INFO - 解析后的 pause 容器 ID: 10506d85648f
2026-04-27 16:07:23 - chaos - INFO - 获取容器的 PID
2026-04-27 16:07:23 - chaos - INFO - 容器 ID: 10506d85648f
2026-04-27 16:07:23 - chaos - INFO - 提取的容器 PID: 64744
2026-04-27 16:07:23 - chaos - INFO - Pod dupf-sf-mq-proxy-0 的网络故障清除成功
2026-04-27 16:07:23 - chaos - INFO - 清除 Pod dupf-upc-76bbbd9fbb-4zgkb 的网络故障
2026-04-27 16:07:23 - chaos - INFO - 命名空间: ns-dupf, 网络设备: eth0
2026-04-27 16:07:23 - chaos - INFO - 获取 Pod dupf-upc-76bbbd9fbb-4zgkb 的 pause 容器 ID
2026-04-27 16:07:23 - chaos - INFO - 解析后的 pause 容器 ID: aaf86655a5b0
2026-04-27 16:07:23 - chaos - INFO - 获取容器的 PID
2026-04-27 16:07:23 - chaos - INFO - 容器 ID: aaf86655a5b0
2026-04-27 16:07:23 - chaos - INFO - 提取的容器 PID: 40939
2026-04-27 16:07:23 - chaos - INFO - Pod dupf-upc-76bbbd9fbb-4zgkb 的网络故障清除成功
2026-04-27 16:07:23 - chaos - INFO - 清除 Pod dupf-upc-76bbbd9fbb-5qbzg 的网络故障
2026-04-27 16:07:23 - chaos - INFO - 命名空间: ns-dupf, 网络设备: eth0
2026-04-27 16:07:23 - chaos - INFO - 获取 Pod dupf-upc-76bbbd9fbb-5qbzg 的 pause 容器 ID
2026-04-27 16:07:23 - chaos - INFO - 解析后的 pause 容器 ID: bcc7b2316487
2026-04-27 16:07:23 - chaos - INFO - 获取容器的 PID
2026-04-27 16:07:23 - chaos - INFO - 容器 ID: bcc7b2316487
2026-04-27 16:07:23 - chaos - INFO - 提取的容器 PID: 19084
2026-04-27 16:07:24 - chaos - INFO - Pod dupf-upc-76bbbd9fbb-5qbzg 的网络故障清除成功
2026-04-27 16:07:24 - chaos - INFO - 清除 Pod dupf-upu-dupf04-10-74f57567d9-6ncn6 的网络故障
2026-04-27 16:07:24 - chaos - INFO - 命名空间: ns-dupf, 网络设备: eth0
2026-04-27 16:07:24 - chaos - INFO - 获取 Pod dupf-upu-dupf04-10-74f57567d9-6ncn6 的 pause 容器 ID
2026-04-27 16:07:24 - chaos - INFO - 解析后的 pause 容器 ID: 455f9b3e97f0
2026-04-27 16:07:24 - chaos - INFO - 获取容器的 PID
2026-04-27 16:07:24 - chaos - INFO - 容器 ID: 455f9b3e97f0
2026-04-27 16:07:24 - chaos - INFO - 提取的容器 PID: 41749
2026-04-27 16:07:24 - chaos - INFO - Pod dupf-upu-dupf04-10-74f57567d9-6ncn6 的网络故障清除成功
2026-04-27 16:07:24 - chaos - INFO - 清除 Pod dupf-upu-dupf04-11-849cf77d64-cd9bw 的网络故障
2026-04-27 16:07:24 - chaos - INFO - 命名空间: ns-dupf, 网络设备: eth0
2026-04-27 16:07:24 - chaos - INFO - 获取 Pod dupf-upu-dupf04-11-849cf77d64-cd9bw 的 pause 容器 ID
2026-04-27 16:07:24 - chaos - INFO - 解析后的 pause 容器 ID: f575417b40ad
2026-04-27 16:07:24 - chaos - INFO - 获取容器的 PID
2026-04-27 16:07:24 - chaos - INFO - 容器 ID: f575417b40ad
2026-04-27 16:07:24 - chaos - INFO - 提取的容器 PID: 41830
2026-04-27 16:07:24 - chaos - INFO - Pod dupf-upu-dupf04-11-849cf77d64-cd9bw 的网络故障清除成功
2026-04-27 16:07:24 - chaos - INFO - 清除 Pod dupf-upu-dupf04-12-9f7c79f99-hxgbf 的网络故障
2026-04-27 16:07:24 - chaos - INFO - 命名空间: ns-dupf, 网络设备: eth0
2026-04-27 16:07:24 - chaos - INFO - 获取 Pod dupf-upu-dupf04-12-9f7c79f99-hxgbf 的 pause 容器 ID
2026-04-27 16:07:24 - chaos - INFO - 解析后的 pause 容器 ID: b12956ab7a01
2026-04-27 16:07:24 - chaos - INFO - 获取容器的 PID
2026-04-27 16:07:24 - chaos - INFO - 容器 ID: b12956ab7a01
2026-04-27 16:07:24 - chaos - INFO - 提取的容器 PID: 41982
2026-04-27 16:07:24 - chaos - INFO - Pod dupf-upu-dupf04-12-9f7c79f99-hxgbf 的网络故障清除成功
2026-04-27 16:07:24 - chaos - INFO - 环境 4_ssh_remote 网络故障清除完成：成功 17, 失败 0
2026-04-27 16:07:24 - chaos - INFO - 清除 0 个活跃故障
2026-04-27 16:07:24 - chaos - INFO - 清除完成
