2026-04-28 13:56:15 - chaos - INFO - 执行单个 Case: cases/examples/pod_delete.yaml
2026-04-28 13:56:15 - chaos - INFO - [DEBUG] ========== 开始执行 Case ==========
2026-04-28 13:56:15 - chaos - INFO - [DEBUG] Case名称: pod_delete
2026-04-28 13:56:15 - chaos - INFO - [DEBUG] Case类型: pod
2026-04-28 13:56:15 - chaos - INFO - [DEBUG] 故障类型: delete
2026-04-28 13:56:15 - chaos - INFO - [DEBUG] 环境: 1_ssh_remote
2026-04-28 13:56:15 - chaos - INFO - [DEBUG] 执行 Case 迭代 1/1
2026-04-28 13:56:15 - chaos - INFO - [DEBUG] 开始获取目标列表...
2026-04-28 13:56:15 - chaos.utils.remote - INFO - 后台健康检查线程已启动
2026-04-28 13:56:15 - chaos.utils.remote - INFO - 创建新连接: root@10.230.246.167:50163
2026-04-28 13:56:15 - chaos.utils.remote - INFO - SSH连接建立成功: 10.230.246.167:50163, 耗时: 0.09s
2026-04-28 13:56:15 - chaos.utils.remote - INFO - 新连接创建成功: root@10.230.246.167:50163，当前连接池大小: 1
2026-04-28 13:56:15 - chaos - INFO - 根据名称匹配规则获取 Pod，pattern: ddb, namespace: ns-dupf
2026-04-28 13:56:18 - chaos - INFO - 找到包含匹配的 Pod: dupf-ddb-shd-0-0
2026-04-28 13:56:18 - chaos - INFO - 找到包含匹配的 Pod: dupf-ddb-shd-0-1
2026-04-28 13:56:18 - chaos - INFO - 找到包含匹配的 Pod: dupf-ddb-shd-0-2
2026-04-28 13:56:18 - chaos - INFO - 找到包含匹配的 Pod: dupf-ddb-shd-1-0
2026-04-28 13:56:18 - chaos - INFO - 找到包含匹配的 Pod: dupf-ddb-shd-1-1
2026-04-28 13:56:18 - chaos - INFO - 找到包含匹配的 Pod: dupf-ddb-shd-1-2
2026-04-28 13:56:18 - chaos - INFO - 找到包含匹配的 Pod: dupf-ddb-shd-2-0
2026-04-28 13:56:18 - chaos - INFO - 找到包含匹配的 Pod: dupf-ddb-shd-2-1
2026-04-28 13:56:18 - chaos - INFO - 找到包含匹配的 Pod: dupf-ddb-shd-2-2
2026-04-28 13:56:18 - chaos - INFO - 找到 9 个匹配的 Pod
2026-04-28 13:56:18 - chaos - INFO - 随机选择 Pod: dupf-ddb-shd-0-2
2026-04-28 13:56:18 - chaos - INFO - [DEBUG] 找到 1 个目标
2026-04-28 13:56:18 - chaos - INFO - [DEBUG] ---------- 处理目标 1/1 ----------
2026-04-28 13:56:18 - chaos - INFO - [DEBUG] 目标名称: dupf-ddb-shd-0-2
2026-04-28 13:56:18 - chaos - INFO - [DEBUG] 目标节点: None
2026-04-28 13:56:18 - chaos - INFO - [DEBUG] 创建故障注入器...
2026-04-28 13:56:18 - chaos - INFO - [DEBUG] 准备注入故障...
2026-04-28 13:56:18 - chaos - INFO - [DEBUG] 注入参数: {'fault_type': 'delete'}
2026-04-28 13:56:18 - chaos - INFO - 删除 Pod: dupf-ddb-shd-0-2 (namespace: ns-dupf)
2026-04-28 13:56:19 - chaos - INFO - Pod dupf-ddb-shd-0-2 删除成功
2026-04-28 13:56:19 - chaos - INFO - [DEBUG] 故障注入成功
2026-04-28 13:56:19 - chaos - INFO - [DEBUG] 故障ID: delete_dupf-ddb-shd-0-2_ns-dupf_1777355778
2026-04-28 13:56:19 - chaos - INFO - 记录故障：delete_dupf-ddb-shd-0-2_ns-dupf_1777355778
2026-04-28 13:56:19 - chaos - INFO - [DEBUG] 开始等待 duration: 10s (10.0秒)
2026-04-28 13:56:30 - chaos - INFO - [DEBUG] duration 等待完成
2026-04-28 13:56:30 - chaos - INFO - [DEBUG] 开始清理故障: delete_dupf-ddb-shd-0-2_ns-dupf_1777355778
2026-04-28 13:56:30 - chaos - INFO - Pod 故障自动恢复：delete_dupf-ddb-shd-0-2_ns-dupf_1777355778
2026-04-28 13:56:30 - chaos - INFO - [DEBUG] 故障清理成功: delete_dupf-ddb-shd-0-2_ns-dupf_1777355778
2026-04-28 13:56:30 - chaos - INFO - 标记故障已恢复：delete_dupf-ddb-shd-0-2_ns-dupf_1777355778
