2026-04-22 10:23:36 - chaos - INFO - 找到 16 个workflow文件
2026-04-22 10:23:36 - chaos - INFO - 
================================================================================
2026-04-22 10:23:36 - chaos - INFO - 执行workflow: cases/upc/upc-talker_mq-proxy/workflow_parallel_corrupt_upc-talker_mq-proxy.yaml
2026-04-22 10:23:36 - chaos - INFO - ================================================================================
2026-04-22 10:23:36 - chaos - INFO - Successfully parsed workflow: upc_parallel_network_corrupt_001
2026-04-22 10:23:36 - chaos - INFO - ============================================================
2026-04-22 10:23:36 - chaos - INFO - 开始执行工作流: UPC 并行网络数据包破坏工作流
2026-04-22 10:23:36 - chaos - INFO - 工作流 ID: upc_parallel_network_corrupt_001
2026-04-22 10:23:36 - chaos - INFO - 执行模式: parallel
2026-04-22 10:23:36 - chaos - INFO - ============================================================
2026-04-22 10:23:36 - chaos - INFO - 启动延迟 120.0s
2026-04-22 10:25:41 - chaos - INFO - 执行计划: 共 1 层
2026-04-22 10:25:41 - chaos - INFO - 
============================================================
2026-04-22 10:25:41 - chaos - INFO - 执行第 1/1 层，共 2 个任务
2026-04-22 10:25:41 - chaos - INFO - ============================================================
2026-04-22 10:25:41 - chaos - INFO - [DEBUG] 开始执行任务: UPC Talker 数据包破坏 (corrupt_upc_talker)
2026-04-22 10:25:41 - chaos - INFO - [DEBUG] 任务类型: network, 故障类型: corrupt
2026-04-22 10:25:41 - chaos - INFO - [DEBUG] 目标: Pod: upc-talker
2026-04-22 10:25:41 - chaos - INFO - [DEBUG] Duration: 240s, Loop: 1
2026-04-22 10:25:41 - chaos - INFO - [DEBUG] 任务超时时间: 300.0s
2026-04-22 10:25:41 - chaos - INFO - [DEBUG] ========== 开始执行 Case ==========
2026-04-22 10:25:41 - chaos - INFO - [DEBUG] Case名称: upc_talker_corrupt
2026-04-22 10:25:41 - chaos - INFO - [DEBUG] Case类型: network
2026-04-22 10:25:41 - chaos - INFO - [DEBUG] 故障类型: corrupt
2026-04-22 10:25:41 - chaos - INFO - [DEBUG] 环境: 1_ssh_remote
2026-04-22 10:25:41 - chaos - INFO - [DEBUG] 执行 Case 迭代 1/1
2026-04-22 10:25:41 - chaos - INFO - [DEBUG] 开始获取目标列表...
2026-04-22 10:25:41 - chaos.utils.remote - INFO - 后台健康检查线程已启动
2026-04-22 10:25:41 - chaos.utils.remote - INFO - 创建新连接: root@10.230.246.167:50163
2026-04-22 10:25:41 - chaos.utils.remote - INFO - SSH连接建立成功: 10.230.246.167:50163, 耗时: 0.11s
2026-04-22 10:25:41 - chaos.utils.remote - INFO - 新连接创建成功: root@10.230.246.167:50163，当前连接池大小: 1
2026-04-22 10:25:41 - chaos - INFO - 获取 UPC Pod 列表，namespace: ns-dupf, filter_type: upc-talker
2026-04-22 10:25:43 - chaos - INFO - [DEBUG] 开始执行任务: MQ Proxy 数据包破坏 (corrupt_mq_proxy)
2026-04-22 10:25:43 - chaos - INFO - [DEBUG] 任务类型: network, 故障类型: corrupt
2026-04-22 10:25:43 - chaos - INFO - [DEBUG] 目标: Pod: mq-proxy
2026-04-22 10:25:43 - chaos - INFO - [DEBUG] Duration: 240s, Loop: 1
2026-04-22 10:25:43 - chaos - INFO - [DEBUG] 任务超时时间: 300.0s
2026-04-22 10:25:43 - chaos - INFO - [DEBUG] ========== 开始执行 Case ==========
2026-04-22 10:25:43 - chaos - INFO - [DEBUG] Case名称: mq_proxy_corrupt
2026-04-22 10:25:43 - chaos - INFO - [DEBUG] Case类型: network
2026-04-22 10:25:43 - chaos - INFO - [DEBUG] 故障类型: corrupt
2026-04-22 10:25:43 - chaos - INFO - [DEBUG] 环境: 1_ssh_remote
2026-04-22 10:25:43 - chaos - INFO - [DEBUG] 执行 Case 迭代 1/1
2026-04-22 10:25:43 - chaos - INFO - [DEBUG] 开始获取目标列表...
2026-04-22 10:25:43 - chaos - INFO - 根据名称匹配规则获取 Pod，pattern: mq-proxy, namespace: ns-dupf
2026-04-22 10:25:43 - chaos - INFO - 随机选择 Pod: dupf-upc-76bbbd9fbb-bb96s
2026-04-22 10:25:43 - chaos - INFO - [DEBUG] 找到 1 个目标
2026-04-22 10:25:43 - chaos - INFO - [DEBUG] ---------- 处理目标 1/1 ----------
2026-04-22 10:25:43 - chaos - INFO - [DEBUG] 目标名称: dupf-upc-76bbbd9fbb-bb96s
2026-04-22 10:25:43 - chaos - INFO - [DEBUG] 目标节点: None
2026-04-22 10:25:43 - chaos - INFO - [DEBUG] 创建故障注入器...
2026-04-22 10:25:43 - chaos - INFO - [DEBUG] 准备注入故障...
2026-04-22 10:25:43 - chaos - INFO - [DEBUG] 注入参数: {'fault_type': 'corrupt', 'correlation': ['30%', '90%'], 'percent': ['10%', '90%']}
2026-04-22 10:25:43 - chaos - INFO - [DEBUG] ========== 开始注入网络数据包破坏 ==========
2026-04-22 10:25:43 - chaos - INFO - [DEBUG] Pod名称: dupf-upc-76bbbd9fbb-bb96s
2026-04-22 10:25:43 - chaos - INFO - [DEBUG] 命名空间: ns-dupf
2026-04-22 10:25:43 - chaos - INFO - [DEBUG] 网卡设备: eth0
2026-04-22 10:25:43 - chaos - INFO - [DEBUG] 损坏比例: 83%, 相关性: 50%
2026-04-22 10:25:43 - chaos - INFO - [DEBUG] 获取 pause 容器 ID...
2026-04-22 10:25:43 - chaos - INFO - 获取 Pod dupf-upc-76bbbd9fbb-bb96s 的 pause 容器 ID
2026-04-22 10:25:43 - chaos - INFO - 获取 Pod dupf-upc-76bbbd9fbb-bb96s 所在的节点，namespace: ns-dupf
2026-04-22 10:25:43 - chaos - INFO - 找到包含匹配的 Pod: dupf-sf-mq-proxy-0
2026-04-22 10:25:43 - chaos - INFO - 找到包含匹配的 Pod: dupf-sf-mq-proxy-1
2026-04-22 10:25:43 - chaos - INFO - 找到包含匹配的 Pod: dupf-sf-mq-proxy-2
2026-04-22 10:25:43 - chaos - INFO - 找到 3 个匹配的 Pod
2026-04-22 10:25:43 - chaos - INFO - 随机选择 Pod: dupf-sf-mq-proxy-2
2026-04-22 10:25:43 - chaos - INFO - [DEBUG] 找到 1 个目标
2026-04-22 10:25:43 - chaos - INFO - [DEBUG] ---------- 处理目标 1/1 ----------
2026-04-22 10:25:43 - chaos - INFO - [DEBUG] 目标名称: dupf-sf-mq-proxy-2
2026-04-22 10:25:43 - chaos - INFO - [DEBUG] 目标节点: None
2026-04-22 10:25:43 - chaos - INFO - [DEBUG] 创建故障注入器...
2026-04-22 10:25:43 - chaos - INFO - [DEBUG] 准备注入故障...
2026-04-22 10:25:43 - chaos - INFO - [DEBUG] 注入参数: {'fault_type': 'corrupt', 'correlation': ['30%', '90%'], 'percent': ['10%', '90%']}
2026-04-22 10:25:43 - chaos - INFO - [DEBUG] ========== 开始注入网络数据包破坏 ==========
2026-04-22 10:25:43 - chaos - INFO - [DEBUG] Pod名称: dupf-sf-mq-proxy-2
2026-04-22 10:25:43 - chaos - INFO - [DEBUG] 命名空间: ns-dupf
2026-04-22 10:25:43 - chaos - INFO - [DEBUG] 网卡设备: eth0
2026-04-22 10:25:43 - chaos - INFO - [DEBUG] 损坏比例: 86%, 相关性: 38%
2026-04-22 10:25:43 - chaos - INFO - [DEBUG] 获取 pause 容器 ID...
2026-04-22 10:25:43 - chaos - INFO - 获取 Pod dupf-sf-mq-proxy-2 的 pause 容器 ID
2026-04-22 10:25:43 - chaos - INFO - 获取 Pod dupf-sf-mq-proxy-2 所在的节点，namespace: ns-dupf
2026-04-22 10:25:43 - chaos - INFO - Pod dupf-upc-76bbbd9fbb-bb96s 运行在节点 dupf03
2026-04-22 10:25:43 - chaos - INFO - Pod dupf-upc-76bbbd9fbb-bb96s 运行在节点 dupf03
2026-04-22 10:25:43 - chaos - INFO - 找到节点 dupf03 对应的环境: 3_ssh_remote
2026-04-22 10:25:43 - chaos.utils.remote - INFO - 创建新连接: root@10.230.246.169:50163
2026-04-22 10:25:43 - chaos.utils.remote - INFO - SSH连接建立成功: 10.230.246.169:50163, 耗时: 0.10s
2026-04-22 10:25:43 - chaos.utils.remote - INFO - 新连接创建成功: root@10.230.246.169:50163，当前连接池大小: 2
2026-04-22 10:25:43 - chaos - INFO - Pod dupf-sf-mq-proxy-2 运行在节点 dupf02
2026-04-22 10:25:43 - chaos - INFO - Pod dupf-sf-mq-proxy-2 运行在节点 dupf02
2026-04-22 10:25:43 - chaos - INFO - 找到节点 dupf02 对应的环境: 2_ssh_remote
2026-04-22 10:25:43 - chaos.utils.remote - INFO - 创建新连接: root@10.230.246.168:50163
2026-04-22 10:25:43 - chaos.utils.remote - INFO - SSH连接建立成功: 10.230.246.168:50163, 耗时: 0.09s
2026-04-22 10:25:43 - chaos.utils.remote - INFO - 新连接创建成功: root@10.230.246.168:50163，当前连接池大小: 3
2026-04-22 10:25:46 - chaos - INFO - 解析后的 pause 容器 ID: 99b90a71638a
2026-04-22 10:25:46 - chaos - INFO - [DEBUG] pause 容器 ID: 99b90a71638a
2026-04-22 10:25:46 - chaos - INFO - [DEBUG] 获取 pause 容器 PID...
2026-04-22 10:25:46 - chaos - INFO - 获取容器的 PID
2026-04-22 10:25:46 - chaos - INFO - 容器 ID: 99b90a71638a
2026-04-22 10:25:46 - chaos - INFO - 提取的容器 PID: 33986
2026-04-22 10:25:46 - chaos - INFO - [DEBUG] pause 容器 PID: 33986
2026-04-22 10:25:46 - chaos - INFO - [DEBUG] 为 Pod dupf-sf-mq-proxy-2 注入网络数据包破坏
2026-04-22 10:25:46 - chaos - INFO - [DEBUG] 损坏比例: 86%
2026-04-22 10:25:46 - chaos - INFO - [DEBUG] 相关性: 38%
2026-04-22 10:25:46 - chaos - INFO - [DEBUG] tc 命令: tc qdisc add dev eth0 root netem corrupt 86% 38%
2026-04-22 10:25:46 - chaos - INFO - [DEBUG] 完整命令: nsenter -t 33986 -n tc qdisc add dev eth0 root netem corrupt 86% 38%
2026-04-22 10:25:46 - chaos - INFO - [DEBUG] 执行 tc 命令...
2026-04-22 10:25:46 - chaos - INFO - [DEBUG] 网络数据包破坏注入成功
2026-04-22 10:25:46 - chaos - INFO - [DEBUG] ========== 网络数据包破坏注入完成 ==========
2026-04-22 10:25:46 - chaos - INFO - [DEBUG] 故障注入成功
2026-04-22 10:25:46 - chaos - INFO - [DEBUG] 故障ID: corrupt_dupf-sf-mq-proxy-2_ns-dupf_1776824743
2026-04-22 10:25:46 - chaos - INFO - 记录故障：corrupt_dupf-sf-mq-proxy-2_ns-dupf_1776824743
2026-04-22 10:25:46 - chaos - INFO - [DEBUG] 开始等待 duration: 240s (240.0秒)
2026-04-22 10:25:46 - chaos - INFO - 解析后的 pause 容器 ID: c6114255df45
2026-04-22 10:25:46 - chaos - INFO - [DEBUG] pause 容器 ID: c6114255df45
2026-04-22 10:25:46 - chaos - INFO - [DEBUG] 获取 pause 容器 PID...
2026-04-22 10:25:46 - chaos - INFO - 获取容器的 PID
2026-04-22 10:25:46 - chaos - INFO - 容器 ID: c6114255df45
2026-04-22 10:25:46 - chaos - INFO - 提取的容器 PID: 42822
2026-04-22 10:25:46 - chaos - INFO - [DEBUG] pause 容器 PID: 42822
2026-04-22 10:25:46 - chaos - INFO - [DEBUG] 为 Pod dupf-upc-76bbbd9fbb-bb96s 注入网络数据包破坏
2026-04-22 10:25:46 - chaos - INFO - [DEBUG] 损坏比例: 83%
2026-04-22 10:25:46 - chaos - INFO - [DEBUG] 相关性: 50%
2026-04-22 10:25:46 - chaos - INFO - [DEBUG] tc 命令: tc qdisc add dev eth0 root netem corrupt 83% 50%
2026-04-22 10:25:46 - chaos - INFO - [DEBUG] 完整命令: nsenter -t 42822 -n tc qdisc add dev eth0 root netem corrupt 83% 50%
2026-04-22 10:25:46 - chaos - INFO - [DEBUG] 执行 tc 命令...
2026-04-22 10:25:46 - chaos - INFO - [DEBUG] 网络数据包破坏注入成功
2026-04-22 10:25:46 - chaos - INFO - [DEBUG] ========== 网络数据包破坏注入完成 ==========
2026-04-22 10:25:46 - chaos - INFO - [DEBUG] 故障注入成功
2026-04-22 10:25:46 - chaos - INFO - [DEBUG] 故障ID: corrupt_dupf-upc-76bbbd9fbb-bb96s_ns-dupf_1776824743
2026-04-22 10:25:46 - chaos - INFO - 记录故障：corrupt_dupf-upc-76bbbd9fbb-bb96s_ns-dupf_1776824743
2026-04-22 10:25:46 - chaos - INFO - [DEBUG] 开始等待 duration: 240s (240.0秒)
2026-04-22 10:29:54 - chaos - INFO - [DEBUG] duration 等待完成
2026-04-22 10:29:54 - chaos - INFO - [DEBUG] 开始清理故障: corrupt_dupf-sf-mq-proxy-2_ns-dupf_1776824743
2026-04-22 10:29:54 - chaos - INFO - 获取 Pod dupf-sf-mq-proxy-2 的 pause 容器 ID
2026-04-22 10:29:54 - chaos - INFO - 获取 Pod dupf-sf-mq-proxy-2 所在的节点，namespace: ns-dupf
2026-04-22 10:29:54 - chaos - INFO - Pod dupf-sf-mq-proxy-2 运行在节点 dupf02
2026-04-22 10:29:54 - chaos - INFO - Pod dupf-sf-mq-proxy-2 运行在节点 dupf02
2026-04-22 10:29:54 - chaos - INFO - 找到节点 dupf02 对应的环境: 2_ssh_remote
2026-04-22 10:29:54 - chaos - INFO - 解析后的 pause 容器 ID: 99b90a71638a
2026-04-22 10:29:54 - chaos - INFO - 获取容器的 PID
2026-04-22 10:29:54 - chaos - INFO - 容器 ID: 99b90a71638a
2026-04-22 10:29:54 - chaos - INFO - 提取的容器 PID: 33986
2026-04-22 10:29:54 - chaos - INFO - 恢复网络故障：corrupt_dupf-sf-mq-proxy-2_ns-dupf_1776824743
2026-04-22 10:29:55 - chaos - INFO - [DEBUG] 故障清理成功: corrupt_dupf-sf-mq-proxy-2_ns-dupf_1776824743
2026-04-22 10:29:55 - chaos - INFO - 标记故障已恢复：corrupt_dupf-sf-mq-proxy-2_ns-dupf_1776824743
2026-04-22 10:29:55 - chaos - INFO - 任务执行成功: MQ Proxy 数据包破坏 (耗时: 251.92s)
2026-04-22 10:29:55 - chaos - INFO - [DEBUG] duration 等待完成
2026-04-22 10:29:55 - chaos - INFO - [DEBUG] 开始清理故障: corrupt_dupf-upc-76bbbd9fbb-bb96s_ns-dupf_1776824743
2026-04-22 10:29:55 - chaos - INFO - 获取 Pod dupf-upc-76bbbd9fbb-bb96s 的 pause 容器 ID
2026-04-22 10:29:55 - chaos - INFO - 获取 Pod dupf-upc-76bbbd9fbb-bb96s 所在的节点，namespace: ns-dupf
2026-04-22 10:29:55 - chaos - INFO - Pod dupf-upc-76bbbd9fbb-bb96s 运行在节点 dupf03
2026-04-22 10:29:55 - chaos - INFO - Pod dupf-upc-76bbbd9fbb-bb96s 运行在节点 dupf03
2026-04-22 10:29:55 - chaos - INFO - 找到节点 dupf03 对应的环境: 3_ssh_remote
2026-04-22 10:29:55 - chaos - INFO - 解析后的 pause 容器 ID: c6114255df45
2026-04-22 10:29:55 - chaos - INFO - 获取容器的 PID
2026-04-22 10:29:55 - chaos - INFO - 容器 ID: c6114255df45
2026-04-22 10:29:55 - chaos - INFO - 提取的容器 PID: 42822
2026-04-22 10:29:55 - chaos - INFO - 恢复网络故障：corrupt_dupf-upc-76bbbd9fbb-bb96s_ns-dupf_1776824743
2026-04-22 10:29:55 - chaos - INFO - [DEBUG] 故障清理成功: corrupt_dupf-upc-76bbbd9fbb-bb96s_ns-dupf_1776824743
2026-04-22 10:29:55 - chaos - INFO - 标记故障已恢复：corrupt_dupf-upc-76bbbd9fbb-bb96s_ns-dupf_1776824743
2026-04-22 10:29:55 - chaos - INFO - 任务执行成功: UPC Talker 数据包破坏 (耗时: 254.62s)
2026-04-22 10:29:55 - chaos - INFO - 
================================================================================
                           Workflow Execution Report                            
================================================================================
Workflow ID    : upc_parallel_network_corrupt_001
Workflow Name  : UPC 并行网络数据包破坏工作流
Status         : SUCCESS
Start Time     : 2026-04-22 10:23:36
End Time       : 2026-04-22 10:29:55
Total Duration : 379.30s
Success Rate   : 100.00%
================================================================================

Task Results:
--------------------------------------------------------------------------------
  [SUCCESS ] MQ Proxy 数据包破坏                 Duration: 251.92s  Group: N/A
  [SUCCESS ] UPC Talker 数据包破坏               Duration: 254.62s  Group: N/A

================================================================================
Summary Statistics
================================================================================
Total Tasks    : 2
Success        : 2
Failed         : 0
Timeout        : 0
Skipped        : 0
================================================================================
2026-04-22 10:29:55 - chaos - INFO - ============================================================
2026-04-22 10:29:55 - chaos - INFO - 执行 workflow 级别的 auto_clear
2026-04-22 10:29:55 - chaos - INFO - ============================================================
2026-04-22 10:29:55 - chaos - INFO - 需要清理的环境: 1_ssh_remote
2026-04-22 10:29:55 - chaos - INFO - 清理环境 1_ssh_remote 的网络故障...
2026-04-22 10:29:55 - chaos - INFO - 获取 Pod 列表，namespace: ns-dupf, nodename: dupf01
2026-04-22 10:29:56 - chaos - INFO - 找到 9 个 Pod
2026-04-22 10:29:56 - chaos - INFO - 找到 9 个 pod
2026-04-22 10:29:56 - chaos - INFO - 清除 Pod dupf-etcd-2 的网络故障
2026-04-22 10:29:56 - chaos - INFO - 命名空间: ns-dupf, 网络设备: eth0
2026-04-22 10:29:56 - chaos - INFO - 获取 Pod dupf-etcd-2 的 pause 容器 ID
2026-04-22 10:29:56 - chaos - INFO - 解析后的 pause 容器 ID: 1bb5152c1fb4
2026-04-22 10:29:56 - chaos - INFO - 获取容器的 PID
2026-04-22 10:29:56 - chaos - INFO - 容器 ID: 1bb5152c1fb4
2026-04-22 10:29:56 - chaos - INFO - 提取的容器 PID: 11613
2026-04-22 10:29:56 - chaos - INFO - Pod dupf-etcd-2 的网络故障清除成功
2026-04-22 10:29:56 - chaos - INFO - 清除 Pod dupf-file-sync-28jxj 的网络故障
2026-04-22 10:29:56 - chaos - INFO - 命名空间: ns-dupf, 网络设备: eth0
2026-04-22 10:29:56 - chaos - INFO - 获取 Pod dupf-file-sync-28jxj 的 pause 容器 ID
2026-04-22 10:29:56 - chaos - INFO - 解析后的 pause 容器 ID: 36fe0e8077e1
2026-04-22 10:29:56 - chaos - INFO - 获取容器的 PID
2026-04-22 10:29:56 - chaos - INFO - 容器 ID: 36fe0e8077e1
2026-04-22 10:29:56 - chaos - INFO - 提取的容器 PID: 8777
2026-04-22 10:29:56 - chaos - INFO - Pod dupf-file-sync-28jxj 的网络故障清除成功
2026-04-22 10:29:56 - chaos - INFO - 清除 Pod dupf-node-monitor-bhxfz 的网络故障
2026-04-22 10:29:56 - chaos - INFO - 命名空间: ns-dupf, 网络设备: eth0
2026-04-22 10:29:56 - chaos - INFO - 获取 Pod dupf-node-monitor-bhxfz 的 pause 容器 ID
2026-04-22 10:29:56 - chaos - INFO - 解析后的 pause 容器 ID: 3d5f66900124
2026-04-22 10:29:56 - chaos - INFO - 获取容器的 PID
2026-04-22 10:29:56 - chaos - INFO - 容器 ID: 3d5f66900124
2026-04-22 10:29:56 - chaos - INFO - 提取的容器 PID: 8861
2026-04-22 10:29:56 - chaos - INFO - Pod dupf-node-monitor-bhxfz 的网络故障清除成功
2026-04-22 10:29:56 - chaos - INFO - 清除 Pod dupf-sdb-1 的网络故障
2026-04-22 10:29:56 - chaos - INFO - 命名空间: ns-dupf, 网络设备: eth0
2026-04-22 10:29:56 - chaos - INFO - 获取 Pod dupf-sdb-1 的 pause 容器 ID
2026-04-22 10:29:57 - chaos - INFO - 解析后的 pause 容器 ID: 4df5dde3ef37
2026-04-22 10:29:57 - chaos - INFO - 获取容器的 PID
2026-04-22 10:29:57 - chaos - INFO - 容器 ID: 4df5dde3ef37
2026-04-22 10:29:57 - chaos - INFO - 提取的容器 PID: 11627
2026-04-22 10:29:57 - chaos - INFO - Pod dupf-sdb-1 的网络故障清除成功
2026-04-22 10:29:57 - chaos - INFO - 清除 Pod dupf-upc-76bbbd9fbb-2tdxb 的网络故障
2026-04-22 10:29:57 - chaos - INFO - 命名空间: ns-dupf, 网络设备: eth0
2026-04-22 10:29:57 - chaos - INFO - 获取 Pod dupf-upc-76bbbd9fbb-2tdxb 的 pause 容器 ID
2026-04-22 10:29:57 - chaos - INFO - 解析后的 pause 容器 ID: bc9c15261532
2026-04-22 10:29:57 - chaos - INFO - 获取容器的 PID
2026-04-22 10:29:57 - chaos - INFO - 容器 ID: bc9c15261532
2026-04-22 10:29:57 - chaos - INFO - 提取的容器 PID: 57705
2026-04-22 10:29:57 - chaos - INFO - Pod dupf-upc-76bbbd9fbb-2tdxb 的网络故障清除成功
2026-04-22 10:29:57 - chaos - INFO - 清除 Pod dupf-upc-76bbbd9fbb-4svjq 的网络故障
2026-04-22 10:29:57 - chaos - INFO - 命名空间: ns-dupf, 网络设备: eth0
2026-04-22 10:29:57 - chaos - INFO - 获取 Pod dupf-upc-76bbbd9fbb-4svjq 的 pause 容器 ID
2026-04-22 10:29:57 - chaos - INFO - 解析后的 pause 容器 ID: 56d7bdd89218
2026-04-22 10:29:57 - chaos - INFO - 获取容器的 PID
2026-04-22 10:29:57 - chaos - INFO - 容器 ID: 56d7bdd89218
2026-04-22 10:29:57 - chaos - INFO - 提取的容器 PID: 43172
2026-04-22 10:29:57 - chaos - INFO - Pod dupf-upc-76bbbd9fbb-4svjq 的网络故障清除成功
2026-04-22 10:29:57 - chaos - INFO - 清除 Pod dupf-upu-dupf01-1-6965c9c89f-lxffq 的网络故障
2026-04-22 10:29:57 - chaos - INFO - 命名空间: ns-dupf, 网络设备: eth0
2026-04-22 10:29:57 - chaos - INFO - 获取 Pod dupf-upu-dupf01-1-6965c9c89f-lxffq 的 pause 容器 ID
2026-04-22 10:29:57 - chaos - INFO - 解析后的 pause 容器 ID: 88eedc9fde73
2026-04-22 10:29:57 - chaos - INFO - 获取容器的 PID
2026-04-22 10:29:57 - chaos - INFO - 容器 ID: 88eedc9fde73
2026-04-22 10:29:59 - chaos - INFO - 提取的容器 PID: 11648
2026-04-22 10:29:59 - chaos - INFO - Pod dupf-upu-dupf01-1-6965c9c89f-lxffq 的网络故障清除成功
2026-04-22 10:29:59 - chaos - INFO - 清除 Pod dupf-upu-dupf01-2-6f89cb4986-9tj76 的网络故障
2026-04-22 10:29:59 - chaos - INFO - 命名空间: ns-dupf, 网络设备: eth0
2026-04-22 10:29:59 - chaos - INFO - 获取 Pod dupf-upu-dupf01-2-6f89cb4986-9tj76 的 pause 容器 ID
2026-04-22 10:29:59 - chaos - INFO - 解析后的 pause 容器 ID: 261918050cde
2026-04-22 10:29:59 - chaos - INFO - 获取容器的 PID
2026-04-22 10:29:59 - chaos - INFO - 容器 ID: 261918050cde
2026-04-22 10:29:59 - chaos - INFO - 提取的容器 PID: 11620
2026-04-22 10:29:59 - chaos - INFO - Pod dupf-upu-dupf01-2-6f89cb4986-9tj76 的网络故障清除成功
2026-04-22 10:29:59 - chaos - INFO - 清除 Pod dupf-upu-dupf01-3-6d89b496f7-c58jx 的网络故障
2026-04-22 10:29:59 - chaos - INFO - 命名空间: ns-dupf, 网络设备: eth0
2026-04-22 10:29:59 - chaos - INFO - 获取 Pod dupf-upu-dupf01-3-6d89b496f7-c58jx 的 pause 容器 ID
2026-04-22 10:29:59 - chaos - INFO - 解析后的 pause 容器 ID: 0a7f4ea53567
2026-04-22 10:29:59 - chaos - INFO - 获取容器的 PID
2026-04-22 10:29:59 - chaos - INFO - 容器 ID: 0a7f4ea53567
2026-04-22 10:29:59 - chaos - INFO - 提取的容器 PID: 11606
2026-04-22 10:29:59 - chaos - INFO - Pod dupf-upu-dupf01-3-6d89b496f7-c58jx 的网络故障清除成功
2026-04-22 10:29:59 - chaos - INFO - 环境 1_ssh_remote 网络故障清除完成：成功 9, 失败 0
2026-04-22 10:29:59 - chaos - INFO - ============================================================
2026-04-22 10:29:59 - chaos - INFO - workflow 级别的 auto_clear 完成
2026-04-22 10:29:59 - chaos - INFO - ============================================================
2026-04-22 10:29:59 - chaos - INFO - 
================================================================================
2026-04-22 10:29:59 - chaos - INFO - 执行workflow: cases/upc/upc-talker_mq-proxy/workflow_parallel_delay_upc-talker_mq-proxy.yaml
2026-04-22 10:29:59 - chaos - INFO - ================================================================================
2026-04-22 10:29:59 - chaos - INFO - Successfully parsed workflow: upc_parallel_network_delay_001
2026-04-22 10:29:59 - chaos - INFO - ============================================================
2026-04-22 10:29:59 - chaos - INFO - 开始执行工作流: UPC 并行网络延迟工作流
2026-04-22 10:29:59 - chaos - INFO - 工作流 ID: upc_parallel_network_delay_001
2026-04-22 10:29:59 - chaos - INFO - 执行模式: parallel
2026-04-22 10:29:59 - chaos - INFO - ============================================================
2026-04-22 10:29:59 - chaos - INFO - 启动延迟 120.0s
2026-04-22 10:32:04 - chaos - INFO - 执行计划: 共 1 层
2026-04-22 10:32:04 - chaos - INFO - 
============================================================
2026-04-22 10:32:04 - chaos - INFO - 执行第 1/1 层，共 2 个任务
2026-04-22 10:32:04 - chaos - INFO - ============================================================
2026-04-22 10:32:04 - chaos - INFO - [DEBUG] 开始执行任务: UPC Talker 网络延迟 (delay_upc_talker)
2026-04-22 10:32:04 - chaos - INFO - [DEBUG] 任务类型: network, 故障类型: delay
2026-04-22 10:32:04 - chaos - INFO - [DEBUG] 目标: Pod: upc-talker
2026-04-22 10:32:04 - chaos - INFO - [DEBUG] Duration: 240s, Loop: 1
2026-04-22 10:32:04 - chaos - INFO - [DEBUG] 任务超时时间: 300.0s
2026-04-22 10:32:04 - chaos - INFO - [DEBUG] ========== 开始执行 Case ==========
2026-04-22 10:32:04 - chaos - INFO - [DEBUG] Case名称: upc_talker_delay
2026-04-22 10:32:04 - chaos - INFO - [DEBUG] Case类型: network
2026-04-22 10:32:04 - chaos - INFO - [DEBUG] 故障类型: delay
2026-04-22 10:32:04 - chaos - INFO - [DEBUG] 环境: 1_ssh_remote
2026-04-22 10:32:04 - chaos - INFO - [DEBUG] 执行 Case 迭代 1/1
2026-04-22 10:32:04 - chaos - INFO - [DEBUG] 开始获取目标列表...
2026-04-22 10:32:04 - chaos.utils.remote - INFO - 连接 root@10.230.246.167:50163 不可用，需要重连
2026-04-22 10:32:04 - chaos.utils.remote - INFO - 尝试重连: root@10.230.246.167:50163
2026-04-22 10:32:04 - chaos.utils.remote - INFO - SSH连接建立成功: 10.230.246.167:50163, 耗时: 0.11s
2026-04-22 10:32:04 - chaos.utils.remote - INFO - 重连成功: root@10.230.246.167:50163
2026-04-22 10:32:04 - chaos - INFO - 获取 UPC Pod 列表，namespace: ns-dupf, filter_type: upc-talker
2026-04-22 10:32:06 - chaos - INFO - [DEBUG] 开始执行任务: MQ Proxy 网络延迟 (delay_mq_proxy)
2026-04-22 10:32:06 - chaos - INFO - [DEBUG] 任务类型: network, 故障类型: delay
2026-04-22 10:32:06 - chaos - INFO - [DEBUG] 目标: Pod: mq-proxy
2026-04-22 10:32:06 - chaos - INFO - [DEBUG] Duration: 240s, Loop: 1
2026-04-22 10:32:06 - chaos - INFO - [DEBUG] 任务超时时间: 300.0s
2026-04-22 10:32:06 - chaos - INFO - [DEBUG] ========== 开始执行 Case ==========
2026-04-22 10:32:06 - chaos - INFO - [DEBUG] Case名称: mq_proxy_delay
2026-04-22 10:32:06 - chaos - INFO - [DEBUG] Case类型: network
2026-04-22 10:32:06 - chaos - INFO - [DEBUG] 故障类型: delay
2026-04-22 10:32:06 - chaos - INFO - [DEBUG] 环境: 1_ssh_remote
2026-04-22 10:32:06 - chaos - INFO - [DEBUG] 执行 Case 迭代 1/1
2026-04-22 10:32:06 - chaos - INFO - [DEBUG] 开始获取目标列表...
2026-04-22 10:32:06 - chaos - INFO - 根据名称匹配规则获取 Pod，pattern: mq-proxy, namespace: ns-dupf
2026-04-22 10:32:06 - chaos - INFO - 找到包含匹配的 Pod: dupf-sf-mq-proxy-0
2026-04-22 10:32:06 - chaos - INFO - 找到包含匹配的 Pod: dupf-sf-mq-proxy-1
2026-04-22 10:32:06 - chaos - INFO - 找到包含匹配的 Pod: dupf-sf-mq-proxy-2
2026-04-22 10:32:06 - chaos - INFO - 找到 3 个匹配的 Pod
2026-04-22 10:32:06 - chaos - INFO - 随机选择 Pod: dupf-sf-mq-proxy-1
2026-04-22 10:32:06 - chaos - INFO - [DEBUG] 找到 1 个目标
2026-04-22 10:32:06 - chaos - INFO - [DEBUG] ---------- 处理目标 1/1 ----------
2026-04-22 10:32:06 - chaos - INFO - [DEBUG] 目标名称: dupf-sf-mq-proxy-1
2026-04-22 10:32:06 - chaos - INFO - [DEBUG] 目标节点: None
2026-04-22 10:32:06 - chaos - INFO - [DEBUG] 创建故障注入器...
2026-04-22 10:32:06 - chaos - INFO - [DEBUG] 准备注入故障...
2026-04-22 10:32:06 - chaos - INFO - [DEBUG] 注入参数: {'fault_type': 'delay', 'correlation': ['20%', '90%'], 'distribution': ['normal', 'pareto', 'paretonormal'], 'jitter': ['10ms', '100ms'], 'time': ['100ms', '1000ms']}
2026-04-22 10:32:06 - chaos - WARNING - 无效的分布模型: ['normal', 'pareto', 'paretonormal'], 随机选择
2026-04-22 10:32:06 - chaos - INFO - 获取 Pod dupf-sf-mq-proxy-1 的 pause 容器 ID
2026-04-22 10:32:06 - chaos - INFO - 获取 Pod dupf-sf-mq-proxy-1 所在的节点，namespace: ns-dupf
2026-04-22 10:32:06 - chaos - INFO - 随机选择 Pod: dupf-upc-76bbbd9fbb-bb96s
2026-04-22 10:32:06 - chaos - INFO - [DEBUG] 找到 1 个目标
2026-04-22 10:32:06 - chaos - INFO - [DEBUG] ---------- 处理目标 1/1 ----------
2026-04-22 10:32:06 - chaos - INFO - [DEBUG] 目标名称: dupf-upc-76bbbd9fbb-bb96s
2026-04-22 10:32:06 - chaos - INFO - [DEBUG] 目标节点: None
2026-04-22 10:32:06 - chaos - INFO - [DEBUG] 创建故障注入器...
2026-04-22 10:32:06 - chaos - INFO - [DEBUG] 准备注入故障...
2026-04-22 10:32:06 - chaos - INFO - [DEBUG] 注入参数: {'fault_type': 'delay', 'correlation': ['20%', '90%'], 'distribution': ['normal', 'pareto', 'paretonormal'], 'jitter': ['10ms', '100ms'], 'time': ['100ms', '1000ms']}
2026-04-22 10:32:06 - chaos - WARNING - 无效的分布模型: ['normal', 'pareto', 'paretonormal'], 随机选择
2026-04-22 10:32:06 - chaos - INFO - 获取 Pod dupf-upc-76bbbd9fbb-bb96s 的 pause 容器 ID
2026-04-22 10:32:06 - chaos - INFO - 获取 Pod dupf-upc-76bbbd9fbb-bb96s 所在的节点，namespace: ns-dupf
2026-04-22 10:32:06 - chaos - INFO - Pod dupf-sf-mq-proxy-1 运行在节点 dupf04
2026-04-22 10:32:06 - chaos - INFO - Pod dupf-sf-mq-proxy-1 运行在节点 dupf04
2026-04-22 10:32:06 - chaos - INFO - 找到节点 dupf04 对应的环境: 4_ssh_remote
2026-04-22 10:32:06 - chaos.utils.remote - INFO - 创建新连接: root@10.230.246.170:50163
2026-04-22 10:32:06 - chaos.utils.remote - INFO - SSH连接建立成功: 10.230.246.170:50163, 耗时: 0.10s
2026-04-22 10:32:06 - chaos.utils.remote - INFO - 新连接创建成功: root@10.230.246.170:50163，当前连接池大小: 4
2026-04-22 10:32:06 - chaos - INFO - Pod dupf-upc-76bbbd9fbb-bb96s 运行在节点 dupf03
2026-04-22 10:32:06 - chaos - INFO - Pod dupf-upc-76bbbd9fbb-bb96s 运行在节点 dupf03
2026-04-22 10:32:06 - chaos - INFO - 找到节点 dupf03 对应的环境: 3_ssh_remote
2026-04-22 10:32:07 - chaos - INFO - 解析后的 pause 容器 ID: c6114255df45
2026-04-22 10:32:07 - chaos - INFO - 获取容器的 PID
2026-04-22 10:32:07 - chaos - INFO - 容器 ID: c6114255df45
2026-04-22 10:32:07 - chaos - INFO - 提取的容器 PID: 42822
2026-04-22 10:32:07 - chaos - INFO - 为 Pod dupf-upc-76bbbd9fbb-bb96s 注入网络延迟
2026-04-22 10:32:07 - chaos - INFO - 延迟参数: {'time': '787ms', 'jitter': '95ms', 'correlation': '47%', 'distribution': 'pareto'}
2026-04-22 10:32:07 - chaos - INFO - tc 命令: tc qdisc add dev eth0 root netem delay 787ms 95ms 47% distribution pareto
2026-04-22 10:32:07 - chaos - INFO - 网络延迟注入成功
2026-04-22 10:32:07 - chaos - INFO - [DEBUG] 故障注入成功
2026-04-22 10:32:07 - chaos - INFO - [DEBUG] 故障ID: delay_dupf-upc-76bbbd9fbb-bb96s_ns-dupf_1776825126
2026-04-22 10:32:07 - chaos - INFO - 记录故障：delay_dupf-upc-76bbbd9fbb-bb96s_ns-dupf_1776825126
2026-04-22 10:32:07 - chaos - INFO - [DEBUG] 开始等待 duration: 240s (240.0秒)
2026-04-22 10:32:08 - chaos - INFO - 解析后的 pause 容器 ID: 437eefcdae9e
2026-04-22 10:32:08 - chaos - INFO - 获取容器的 PID
2026-04-22 10:32:08 - chaos - INFO - 容器 ID: 437eefcdae9e
2026-04-22 10:32:08 - chaos - INFO - 提取的容器 PID: 36427
2026-04-22 10:32:08 - chaos - INFO - 为 Pod dupf-sf-mq-proxy-1 注入网络延迟
2026-04-22 10:32:08 - chaos - INFO - 延迟参数: {'time': '112ms', 'jitter': '67ms', 'correlation': '40%', 'distribution': 'uniform'}
2026-04-22 10:32:08 - chaos - INFO - tc 命令: tc qdisc add dev eth0 root netem delay 112ms 67ms 40% distribution uniform
2026-04-22 10:32:09 - chaos - ERROR - 网络延迟注入失败：No distribution data for uniform (/usr/lib/x86_64-linux-gnu/tc//uniform.dist: No such file or directory)

2026-04-22 10:32:09 - chaos - ERROR - [DEBUG] 在第 1 次迭代注入故障失败，目标：dupf-sf-mq-proxy-1
2026-04-22 10:32:09 - chaos - ERROR - 任务执行失败: MQ Proxy 网络延迟
2026-04-22 10:36:17 - chaos - INFO - [DEBUG] duration 等待完成
2026-04-22 10:36:17 - chaos - INFO - [DEBUG] 开始清理故障: delay_dupf-upc-76bbbd9fbb-bb96s_ns-dupf_1776825126
2026-04-22 10:36:17 - chaos - INFO - 获取 Pod dupf-upc-76bbbd9fbb-bb96s 的 pause 容器 ID
2026-04-22 10:36:17 - chaos - INFO - 获取 Pod dupf-upc-76bbbd9fbb-bb96s 所在的节点，namespace: ns-dupf
2026-04-22 10:36:17 - chaos - INFO - Pod dupf-upc-76bbbd9fbb-bb96s 运行在节点 dupf03
2026-04-22 10:36:17 - chaos - INFO - Pod dupf-upc-76bbbd9fbb-bb96s 运行在节点 dupf03
2026-04-22 10:36:17 - chaos - INFO - 找到节点 dupf03 对应的环境: 3_ssh_remote
2026-04-22 10:36:17 - chaos - INFO - 解析后的 pause 容器 ID: c6114255df45
2026-04-22 10:36:17 - chaos - INFO - 获取容器的 PID
2026-04-22 10:36:17 - chaos - INFO - 容器 ID: c6114255df45
2026-04-22 10:36:17 - chaos - INFO - 提取的容器 PID: 42822
2026-04-22 10:36:17 - chaos - INFO - 恢复网络故障：delay_dupf-upc-76bbbd9fbb-bb96s_ns-dupf_1776825126
2026-04-22 10:36:17 - chaos - INFO - [DEBUG] 故障清理成功: delay_dupf-upc-76bbbd9fbb-bb96s_ns-dupf_1776825126
2026-04-22 10:36:17 - chaos - INFO - 标记故障已恢复：delay_dupf-upc-76bbbd9fbb-bb96s_ns-dupf_1776825126
2026-04-22 10:36:17 - chaos - INFO - 任务执行成功: UPC Talker 网络延迟 (耗时: 253.85s)
2026-04-22 10:36:17 - chaos - INFO - 
================================================================================
                           Workflow Execution Report                            
================================================================================
Workflow ID    : upc_parallel_network_delay_001
Workflow Name  : UPC 并行网络延迟工作流
Status         : FAILED
Start Time     : 2026-04-22 10:29:59
End Time       : 2026-04-22 10:36:17
Total Duration : 377.91s
Success Rate   : 50.00%
================================================================================

Task Results:
--------------------------------------------------------------------------------
  [FAILED  ] MQ Proxy 网络延迟                  Duration:   2.98s  Group: N/A
  [SUCCESS ] UPC Talker 网络延迟                Duration: 253.85s  Group: N/A

================================================================================
Summary Statistics
================================================================================
Total Tasks    : 2
Success        : 1
Failed         : 1
Timeout        : 0
Skipped        : 0
================================================================================
2026-04-22 10:36:17 - chaos - INFO - ============================================================
2026-04-22 10:36:17 - chaos - INFO - 执行 workflow 级别的 auto_clear
2026-04-22 10:36:17 - chaos - INFO - ============================================================
2026-04-22 10:36:17 - chaos - INFO - 需要清理的环境: 1_ssh_remote
2026-04-22 10:36:17 - chaos - INFO - 清理环境 1_ssh_remote 的网络故障...
2026-04-22 10:36:17 - chaos - INFO - 获取 Pod 列表，namespace: ns-dupf, nodename: dupf01
2026-04-22 10:36:18 - chaos - INFO - 找到 9 个 Pod
2026-04-22 10:36:18 - chaos - INFO - 找到 9 个 pod
2026-04-22 10:36:18 - chaos - INFO - 清除 Pod dupf-etcd-2 的网络故障
2026-04-22 10:36:18 - chaos - INFO - 命名空间: ns-dupf, 网络设备: eth0
2026-04-22 10:36:18 - chaos - INFO - 获取 Pod dupf-etcd-2 的 pause 容器 ID
2026-04-22 10:36:18 - chaos - INFO - 解析后的 pause 容器 ID: 1bb5152c1fb4
2026-04-22 10:36:18 - chaos - INFO - 获取容器的 PID
2026-04-22 10:36:18 - chaos - INFO - 容器 ID: 1bb5152c1fb4
2026-04-22 10:36:18 - chaos - INFO - 提取的容器 PID: 11613
2026-04-22 10:36:18 - chaos - INFO - Pod dupf-etcd-2 的网络故障清除成功
2026-04-22 10:36:18 - chaos - INFO - 清除 Pod dupf-file-sync-28jxj 的网络故障
2026-04-22 10:36:18 - chaos - INFO - 命名空间: ns-dupf, 网络设备: eth0
2026-04-22 10:36:18 - chaos - INFO - 获取 Pod dupf-file-sync-28jxj 的 pause 容器 ID
2026-04-22 10:36:18 - chaos - INFO - 解析后的 pause 容器 ID: 36fe0e8077e1
2026-04-22 10:36:18 - chaos - INFO - 获取容器的 PID
2026-04-22 10:36:18 - chaos - INFO - 容器 ID: 36fe0e8077e1
2026-04-22 10:36:18 - chaos - INFO - 提取的容器 PID: 8777
2026-04-22 10:36:18 - chaos - INFO - Pod dupf-file-sync-28jxj 的网络故障清除成功
2026-04-22 10:36:18 - chaos - INFO - 清除 Pod dupf-node-monitor-bhxfz 的网络故障
2026-04-22 10:36:18 - chaos - INFO - 命名空间: ns-dupf, 网络设备: eth0
2026-04-22 10:36:18 - chaos - INFO - 获取 Pod dupf-node-monitor-bhxfz 的 pause 容器 ID
2026-04-22 10:36:18 - chaos - INFO - 解析后的 pause 容器 ID: 3d5f66900124
2026-04-22 10:36:18 - chaos - INFO - 获取容器的 PID
2026-04-22 10:36:18 - chaos - INFO - 容器 ID: 3d5f66900124
2026-04-22 10:36:18 - chaos - INFO - 提取的容器 PID: 8861
2026-04-22 10:36:19 - chaos - INFO - Pod dupf-node-monitor-bhxfz 的网络故障清除成功
2026-04-22 10:36:19 - chaos - INFO - 清除 Pod dupf-sdb-1 的网络故障
2026-04-22 10:36:19 - chaos - INFO - 命名空间: ns-dupf, 网络设备: eth0
2026-04-22 10:36:19 - chaos - INFO - 获取 Pod dupf-sdb-1 的 pause 容器 ID
2026-04-22 10:36:19 - chaos - INFO - 解析后的 pause 容器 ID: 4df5dde3ef37
2026-04-22 10:36:19 - chaos - INFO - 获取容器的 PID
2026-04-22 10:36:19 - chaos - INFO - 容器 ID: 4df5dde3ef37
2026-04-22 10:36:19 - chaos - INFO - 提取的容器 PID: 11627
2026-04-22 10:36:19 - chaos - INFO - Pod dupf-sdb-1 的网络故障清除成功
2026-04-22 10:36:19 - chaos - INFO - 清除 Pod dupf-upc-76bbbd9fbb-2tdxb 的网络故障
2026-04-22 10:36:19 - chaos - INFO - 命名空间: ns-dupf, 网络设备: eth0
2026-04-22 10:36:19 - chaos - INFO - 获取 Pod dupf-upc-76bbbd9fbb-2tdxb 的 pause 容器 ID
2026-04-22 10:36:19 - chaos - INFO - 解析后的 pause 容器 ID: bc9c15261532
2026-04-22 10:36:19 - chaos - INFO - 获取容器的 PID
2026-04-22 10:36:19 - chaos - INFO - 容器 ID: bc9c15261532
2026-04-22 10:36:19 - chaos - INFO - 提取的容器 PID: 57705
2026-04-22 10:36:19 - chaos - INFO - Pod dupf-upc-76bbbd9fbb-2tdxb 的网络故障清除成功
2026-04-22 10:36:19 - chaos - INFO - 清除 Pod dupf-upc-76bbbd9fbb-4svjq 的网络故障
2026-04-22 10:36:19 - chaos - INFO - 命名空间: ns-dupf, 网络设备: eth0
2026-04-22 10:36:19 - chaos - INFO - 获取 Pod dupf-upc-76bbbd9fbb-4svjq 的 pause 容器 ID
2026-04-22 10:36:19 - chaos - INFO - 解析后的 pause 容器 ID: 56d7bdd89218
2026-04-22 10:36:19 - chaos - INFO - 获取容器的 PID
2026-04-22 10:36:19 - chaos - INFO - 容器 ID: 56d7bdd89218
2026-04-22 10:36:19 - chaos - INFO - 提取的容器 PID: 43172
2026-04-22 10:36:19 - chaos - INFO - Pod dupf-upc-76bbbd9fbb-4svjq 的网络故障清除成功
2026-04-22 10:36:19 - chaos - INFO - 清除 Pod dupf-upu-dupf01-1-6965c9c89f-lxffq 的网络故障
2026-04-22 10:36:19 - chaos - INFO - 命名空间: ns-dupf, 网络设备: eth0
2026-04-22 10:36:19 - chaos - INFO - 获取 Pod dupf-upu-dupf01-1-6965c9c89f-lxffq 的 pause 容器 ID
2026-04-22 10:36:19 - chaos - INFO - 解析后的 pause 容器 ID: 88eedc9fde73
2026-04-22 10:36:19 - chaos - INFO - 获取容器的 PID
2026-04-22 10:36:19 - chaos - INFO - 容器 ID: 88eedc9fde73
2026-04-22 10:36:20 - chaos - INFO - 提取的容器 PID: 11648
2026-04-22 10:36:20 - chaos - INFO - Pod dupf-upu-dupf01-1-6965c9c89f-lxffq 的网络故障清除成功
2026-04-22 10:36:20 - chaos - INFO - 清除 Pod dupf-upu-dupf01-2-6f89cb4986-9tj76 的网络故障
2026-04-22 10:36:20 - chaos - INFO - 命名空间: ns-dupf, 网络设备: eth0
2026-04-22 10:36:20 - chaos - INFO - 获取 Pod dupf-upu-dupf01-2-6f89cb4986-9tj76 的 pause 容器 ID
2026-04-22 10:36:20 - chaos - INFO - 解析后的 pause 容器 ID: 261918050cde
2026-04-22 10:36:20 - chaos - INFO - 获取容器的 PID
2026-04-22 10:36:20 - chaos - INFO - 容器 ID: 261918050cde
2026-04-22 10:36:20 - chaos - INFO - 提取的容器 PID: 11620
2026-04-22 10:36:20 - chaos - INFO - Pod dupf-upu-dupf01-2-6f89cb4986-9tj76 的网络故障清除成功
2026-04-22 10:36:20 - chaos - INFO - 清除 Pod dupf-upu-dupf01-3-6d89b496f7-c58jx 的网络故障
2026-04-22 10:36:20 - chaos - INFO - 命名空间: ns-dupf, 网络设备: eth0
2026-04-22 10:36:20 - chaos - INFO - 获取 Pod dupf-upu-dupf01-3-6d89b496f7-c58jx 的 pause 容器 ID
2026-04-22 10:36:20 - chaos - INFO - 解析后的 pause 容器 ID: 0a7f4ea53567
2026-04-22 10:36:20 - chaos - INFO - 获取容器的 PID
2026-04-22 10:36:20 - chaos - INFO - 容器 ID: 0a7f4ea53567
2026-04-22 10:36:20 - chaos - INFO - 提取的容器 PID: 11606
2026-04-22 10:36:20 - chaos - INFO - Pod dupf-upu-dupf01-3-6d89b496f7-c58jx 的网络故障清除成功
2026-04-22 10:36:20 - chaos - INFO - 环境 1_ssh_remote 网络故障清除完成：成功 9, 失败 0
2026-04-22 10:36:20 - chaos - INFO - ============================================================
2026-04-22 10:36:20 - chaos - INFO - workflow 级别的 auto_clear 完成
2026-04-22 10:36:20 - chaos - INFO - ============================================================
2026-04-22 10:36:20 - chaos - INFO - 
================================================================================
2026-04-22 10:36:20 - chaos - INFO - 执行workflow: cases/upc/upc-talker_mq-proxy/workflow_parallel_delete_upc-talker_mq-proxy.yaml
2026-04-22 10:36:20 - chaos - INFO - ================================================================================
2026-04-22 10:36:20 - chaos - INFO - Successfully parsed workflow: upc_parallel_pod_delete_001
2026-04-22 10:36:20 - chaos - INFO - ============================================================
2026-04-22 10:36:20 - chaos - INFO - 开始执行工作流: UPC 并行 Pod 删除工作流
2026-04-22 10:36:20 - chaos - INFO - 工作流 ID: upc_parallel_pod_delete_001
2026-04-22 10:36:20 - chaos - INFO - 执行模式: parallel
2026-04-22 10:36:20 - chaos - INFO - ============================================================
2026-04-22 10:36:20 - chaos - INFO - 启动延迟 120.0s
2026-04-22 10:38:25 - chaos - INFO - 执行计划: 共 1 层
2026-04-22 10:38:25 - chaos - INFO - 
============================================================
2026-04-22 10:38:25 - chaos - INFO - 执行第 1/1 层，共 2 个任务
2026-04-22 10:38:25 - chaos - INFO - ============================================================
2026-04-22 10:38:25 - chaos - INFO - [DEBUG] 开始执行任务: UPC Talker Pod 删除 (delete_upc_talker)
2026-04-22 10:38:25 - chaos - INFO - [DEBUG] 任务类型: pod, 故障类型: delete
2026-04-22 10:38:25 - chaos - INFO - [DEBUG] 目标: Pod: upc-talker
2026-04-22 10:38:25 - chaos - INFO - [DEBUG] Duration: 240s, Loop: 1
2026-04-22 10:38:25 - chaos - INFO - [DEBUG] 任务超时时间: 300.0s
2026-04-22 10:38:25 - chaos - INFO - [DEBUG] ========== 开始执行 Case ==========
2026-04-22 10:38:25 - chaos - INFO - [DEBUG] Case名称: upc_talker_delete
2026-04-22 10:38:25 - chaos - INFO - [DEBUG] Case类型: pod
2026-04-22 10:38:25 - chaos - INFO - [DEBUG] 故障类型: delete
2026-04-22 10:38:25 - chaos - INFO - [DEBUG] 环境: 1_ssh_remote
2026-04-22 10:38:25 - chaos - INFO - [DEBUG] 执行 Case 迭代 1/1
2026-04-22 10:38:25 - chaos - INFO - [DEBUG] 开始获取目标列表...
2026-04-22 10:38:25 - chaos.utils.remote - INFO - 连接 root@10.230.246.167:50163 不可用，需要重连
2026-04-22 10:38:25 - chaos.utils.remote - INFO - 尝试重连: root@10.230.246.167:50163
2026-04-22 10:38:26 - chaos.utils.remote - INFO - SSH连接建立成功: 10.230.246.167:50163, 耗时: 0.10s
2026-04-22 10:38:26 - chaos.utils.remote - INFO - 重连成功: root@10.230.246.167:50163
2026-04-22 10:38:26 - chaos - INFO - 获取 UPC Pod 列表，namespace: ns-dupf, filter_type: upc-talker
2026-04-22 10:38:27 - chaos - INFO - [DEBUG] 开始执行任务: MQ Proxy Pod 删除 (delete_mq_proxy)
2026-04-22 10:38:27 - chaos - INFO - [DEBUG] 任务类型: pod, 故障类型: delete
2026-04-22 10:38:27 - chaos - INFO - [DEBUG] 目标: Pod: mq-proxy
2026-04-22 10:38:27 - chaos - INFO - [DEBUG] Duration: 240s, Loop: 1
2026-04-22 10:38:27 - chaos - INFO - [DEBUG] 任务超时时间: 300.0s
2026-04-22 10:38:27 - chaos - INFO - [DEBUG] ========== 开始执行 Case ==========
2026-04-22 10:38:27 - chaos - INFO - [DEBUG] Case名称: mq_proxy_delete
2026-04-22 10:38:27 - chaos - INFO - [DEBUG] Case类型: pod
2026-04-22 10:38:27 - chaos - INFO - [DEBUG] 故障类型: delete
2026-04-22 10:38:27 - chaos - INFO - [DEBUG] 环境: 1_ssh_remote
2026-04-22 10:38:27 - chaos - INFO - [DEBUG] 执行 Case 迭代 1/1
2026-04-22 10:38:27 - chaos - INFO - [DEBUG] 开始获取目标列表...
2026-04-22 10:38:27 - chaos - INFO - 根据名称匹配规则获取 Pod，pattern: mq-proxy, namespace: ns-dupf
2026-04-22 10:38:28 - chaos - INFO - 随机选择 Pod: dupf-upc-76bbbd9fbb-bb96s
2026-04-22 10:38:28 - chaos - INFO - [DEBUG] 找到 1 个目标
2026-04-22 10:38:28 - chaos - INFO - [DEBUG] ---------- 处理目标 1/1 ----------
2026-04-22 10:38:28 - chaos - INFO - [DEBUG] 目标名称: dupf-upc-76bbbd9fbb-bb96s
2026-04-22 10:38:28 - chaos - INFO - [DEBUG] 目标节点: None
2026-04-22 10:38:28 - chaos - INFO - [DEBUG] 创建故障注入器...
2026-04-22 10:38:28 - chaos - INFO - [DEBUG] 准备注入故障...
2026-04-22 10:38:28 - chaos - INFO - [DEBUG] 注入参数: {'fault_type': 'delete'}
2026-04-22 10:38:28 - chaos - INFO - 删除 Pod: dupf-upc-76bbbd9fbb-bb96s (namespace: ns-dupf)
2026-04-22 10:38:28 - chaos - INFO - 找到包含匹配的 Pod: dupf-sf-mq-proxy-0
2026-04-22 10:38:28 - chaos - INFO - 找到包含匹配的 Pod: dupf-sf-mq-proxy-1
2026-04-22 10:38:28 - chaos - INFO - 找到包含匹配的 Pod: dupf-sf-mq-proxy-2
2026-04-22 10:38:28 - chaos - INFO - 找到 3 个匹配的 Pod
2026-04-22 10:38:28 - chaos - INFO - 随机选择 Pod: dupf-sf-mq-proxy-2
2026-04-22 10:38:28 - chaos - INFO - [DEBUG] 找到 1 个目标
2026-04-22 10:38:28 - chaos - INFO - [DEBUG] ---------- 处理目标 1/1 ----------
2026-04-22 10:38:28 - chaos - INFO - [DEBUG] 目标名称: dupf-sf-mq-proxy-2
2026-04-22 10:38:28 - chaos - INFO - [DEBUG] 目标节点: None
2026-04-22 10:38:28 - chaos - INFO - [DEBUG] 创建故障注入器...
2026-04-22 10:38:28 - chaos - INFO - [DEBUG] 准备注入故障...
2026-04-22 10:38:28 - chaos - INFO - [DEBUG] 注入参数: {'fault_type': 'delete'}
2026-04-22 10:38:28 - chaos - INFO - 删除 Pod: dupf-sf-mq-proxy-2 (namespace: ns-dupf)
2026-04-22 10:38:28 - chaos - INFO - Pod dupf-upc-76bbbd9fbb-bb96s 删除成功
2026-04-22 10:38:28 - chaos - INFO - [DEBUG] 故障注入成功
2026-04-22 10:38:28 - chaos - INFO - [DEBUG] 故障ID: delete_dupf-upc-76bbbd9fbb-bb96s_ns-dupf_1776825508
2026-04-22 10:38:28 - chaos - INFO - 记录故障：delete_dupf-upc-76bbbd9fbb-bb96s_ns-dupf_1776825508
2026-04-22 10:38:28 - chaos - INFO - [DEBUG] 开始等待 duration: 240s (240.0秒)
2026-04-22 10:38:28 - chaos - INFO - Pod dupf-sf-mq-proxy-2 删除成功
2026-04-22 10:38:28 - chaos - INFO - [DEBUG] 故障注入成功
2026-04-22 10:38:28 - chaos - INFO - [DEBUG] 故障ID: delete_dupf-sf-mq-proxy-2_ns-dupf_1776825508
2026-04-22 10:38:28 - chaos - INFO - 记录故障：delete_dupf-sf-mq-proxy-2_ns-dupf_1776825508
2026-04-22 10:38:28 - chaos - INFO - [DEBUG] 开始等待 duration: 240s (240.0秒)
2026-04-22 10:42:36 - chaos - INFO - [DEBUG] duration 等待完成
2026-04-22 10:42:36 - chaos - INFO - [DEBUG] 开始清理故障: delete_dupf-upc-76bbbd9fbb-bb96s_ns-dupf_1776825508
2026-04-22 10:42:36 - chaos - INFO - Pod 故障自动恢复：delete_dupf-upc-76bbbd9fbb-bb96s_ns-dupf_1776825508
2026-04-22 10:42:36 - chaos - INFO - [DEBUG] 故障清理成功: delete_dupf-upc-76bbbd9fbb-bb96s_ns-dupf_1776825508
2026-04-22 10:42:36 - chaos - INFO - 标记故障已恢复：delete_dupf-upc-76bbbd9fbb-bb96s_ns-dupf_1776825508
2026-04-22 10:42:36 - chaos - INFO - 任务执行成功: UPC Talker Pod 删除 (耗时: 250.93s)
2026-04-22 10:42:37 - chaos - INFO - [DEBUG] duration 等待完成
2026-04-22 10:42:37 - chaos - INFO - [DEBUG] 开始清理故障: delete_dupf-sf-mq-proxy-2_ns-dupf_1776825508
2026-04-22 10:42:37 - chaos - INFO - Pod 故障自动恢复：delete_dupf-sf-mq-proxy-2_ns-dupf_1776825508
2026-04-22 10:42:37 - chaos - INFO - [DEBUG] 故障清理成功: delete_dupf-sf-mq-proxy-2_ns-dupf_1776825508
2026-04-22 10:42:37 - chaos - INFO - 标记故障已恢复：delete_dupf-sf-mq-proxy-2_ns-dupf_1776825508
2026-04-22 10:42:37 - chaos - INFO - 任务执行成功: MQ Proxy Pod 删除 (耗时: 249.13s)
2026-04-22 10:42:37 - chaos - INFO - 
================================================================================
                           Workflow Execution Report                            
================================================================================
Workflow ID    : upc_parallel_pod_delete_001
Workflow Name  : UPC 并行 Pod 删除工作流
Status         : SUCCESS
Start Time     : 2026-04-22 10:36:20
End Time       : 2026-04-22 10:42:37
Total Duration : 376.40s
Success Rate   : 100.00%
================================================================================

Task Results:
--------------------------------------------------------------------------------
  [SUCCESS ] UPC Talker Pod 删除              Duration: 250.93s  Group: N/A
  [SUCCESS ] MQ Proxy Pod 删除                Duration: 249.13s  Group: N/A

================================================================================
Summary Statistics
================================================================================
Total Tasks    : 2
Success        : 2
Failed         : 0
Timeout        : 0
Skipped        : 0
================================================================================
2026-04-22 10:42:37 - chaos - INFO - 
================================================================================
2026-04-22 10:42:37 - chaos - INFO - 执行workflow: cases/upc/upc-talker_mq-proxy/workflow_parallel_duplicate_upc-talker_mq-proxy.yaml
2026-04-22 10:42:37 - chaos - INFO - ================================================================================
2026-04-22 10:42:37 - chaos - INFO - Successfully parsed workflow: upc_parallel_network_duplicate_001
2026-04-22 10:42:37 - chaos - INFO - ============================================================
2026-04-22 10:42:37 - chaos - INFO - 开始执行工作流: UPC 并行网络数据包重复工作流
2026-04-22 10:42:37 - chaos - INFO - 工作流 ID: upc_parallel_network_duplicate_001
2026-04-22 10:42:37 - chaos - INFO - 执行模式: parallel
2026-04-22 10:42:37 - chaos - INFO - ============================================================
2026-04-22 10:42:37 - chaos - INFO - 启动延迟 120.0s
2026-04-22 10:44:40 - chaos - INFO - 执行计划: 共 1 层
2026-04-22 10:44:40 - chaos - INFO - 
============================================================
2026-04-22 10:44:40 - chaos - INFO - 执行第 1/1 层，共 2 个任务
2026-04-22 10:44:40 - chaos - INFO - ============================================================
2026-04-22 10:44:40 - chaos - INFO - [DEBUG] 开始执行任务: UPC Talker 数据包重复 (duplicate_upc_talker)
2026-04-22 10:44:40 - chaos - INFO - [DEBUG] 任务类型: network, 故障类型: duplicate
2026-04-22 10:44:40 - chaos - INFO - [DEBUG] 目标: Pod: upc-talker
2026-04-22 10:44:40 - chaos - INFO - [DEBUG] Duration: 240s, Loop: 1
2026-04-22 10:44:40 - chaos - INFO - [DEBUG] 任务超时时间: 300.0s
2026-04-22 10:44:40 - chaos - INFO - [DEBUG] ========== 开始执行 Case ==========
2026-04-22 10:44:40 - chaos - INFO - [DEBUG] Case名称: upc_talker_duplicate
2026-04-22 10:44:40 - chaos - INFO - [DEBUG] Case类型: network
2026-04-22 10:44:40 - chaos - INFO - [DEBUG] 故障类型: duplicate
2026-04-22 10:44:40 - chaos - INFO - [DEBUG] 环境: 1_ssh_remote
2026-04-22 10:44:40 - chaos - INFO - [DEBUG] 执行 Case 迭代 1/1
2026-04-22 10:44:40 - chaos - INFO - [DEBUG] 开始获取目标列表...
2026-04-22 10:44:40 - chaos - INFO - 获取 UPC Pod 列表，namespace: ns-dupf, filter_type: upc-talker
2026-04-22 10:44:41 - chaos - INFO - 随机选择 Pod: dupf-upc-76bbbd9fbb-2tdxb
2026-04-22 10:44:41 - chaos - INFO - [DEBUG] 找到 1 个目标
2026-04-22 10:44:41 - chaos - INFO - [DEBUG] ---------- 处理目标 1/1 ----------
2026-04-22 10:44:41 - chaos - INFO - [DEBUG] 目标名称: dupf-upc-76bbbd9fbb-2tdxb
2026-04-22 10:44:41 - chaos - INFO - [DEBUG] 目标节点: None
2026-04-22 10:44:41 - chaos - INFO - [DEBUG] 创建故障注入器...
2026-04-22 10:44:41 - chaos - INFO - [DEBUG] 准备注入故障...
2026-04-22 10:44:41 - chaos - INFO - [DEBUG] 注入参数: {'fault_type': 'duplicate', 'correlation': ['30%', '90%'], 'percent': ['10%', '90%']}
2026-04-22 10:44:41 - chaos - INFO - 获取 Pod dupf-upc-76bbbd9fbb-2tdxb 的 pause 容器 ID
2026-04-22 10:44:41 - chaos - INFO - 获取 Pod dupf-upc-76bbbd9fbb-2tdxb 所在的节点，namespace: ns-dupf
2026-04-22 10:44:41 - chaos - INFO - Pod dupf-upc-76bbbd9fbb-2tdxb 运行在节点 dupf01
2026-04-22 10:44:42 - chaos - INFO - Pod dupf-upc-76bbbd9fbb-2tdxb 运行在节点 dupf01
2026-04-22 10:44:42 - chaos - INFO - 找到节点 dupf01 对应的环境: 1_ssh_remote
2026-04-22 10:44:42 - chaos - INFO - 解析后的 pause 容器 ID: bc9c15261532
2026-04-22 10:44:42 - chaos - INFO - 获取容器的 PID
2026-04-22 10:44:42 - chaos - INFO - 容器 ID: bc9c15261532
2026-04-22 10:44:42 - chaos - INFO - 提取的容器 PID: 57705
2026-04-22 10:44:42 - chaos - INFO - 为 Pod dupf-upc-76bbbd9fbb-2tdxb 注入网络数据包重复
2026-04-22 10:44:42 - chaos - INFO - 重复比例: 34%
2026-04-22 10:44:42 - chaos - INFO - 相关性: 81%
2026-04-22 10:44:42 - chaos - INFO - tc 命令: tc qdisc add dev eth0 root netem duplicate 34% 81%
2026-04-22 10:44:42 - chaos - INFO - 网络数据包重复注入成功
2026-04-22 10:44:42 - chaos - INFO - [DEBUG] 故障注入成功
2026-04-22 10:44:42 - chaos - INFO - [DEBUG] 故障ID: duplicate_dupf-upc-76bbbd9fbb-2tdxb_ns-dupf_1776825881
2026-04-22 10:44:42 - chaos - INFO - 记录故障：duplicate_dupf-upc-76bbbd9fbb-2tdxb_ns-dupf_1776825881
2026-04-22 10:44:42 - chaos - INFO - [DEBUG] 开始等待 duration: 240s (240.0秒)
2026-04-22 10:44:42 - chaos - INFO - [DEBUG] 开始执行任务: MQ Proxy 数据包重复 (duplicate_mq_proxy)
2026-04-22 10:44:42 - chaos - INFO - [DEBUG] 任务类型: network, 故障类型: duplicate
2026-04-22 10:44:42 - chaos - INFO - [DEBUG] 目标: Pod: mq-proxy
2026-04-22 10:44:42 - chaos - INFO - [DEBUG] Duration: 240s, Loop: 1
2026-04-22 10:44:42 - chaos - INFO - [DEBUG] 任务超时时间: 300.0s
2026-04-22 10:44:42 - chaos - INFO - [DEBUG] ========== 开始执行 Case ==========
2026-04-22 10:44:42 - chaos - INFO - [DEBUG] Case名称: mq_proxy_duplicate
2026-04-22 10:44:42 - chaos - INFO - [DEBUG] Case类型: network
2026-04-22 10:44:42 - chaos - INFO - [DEBUG] 故障类型: duplicate
2026-04-22 10:44:42 - chaos - INFO - [DEBUG] 环境: 1_ssh_remote
2026-04-22 10:44:42 - chaos - INFO - [DEBUG] 执行 Case 迭代 1/1
2026-04-22 10:44:42 - chaos - INFO - [DEBUG] 开始获取目标列表...
2026-04-22 10:44:42 - chaos - INFO - 根据名称匹配规则获取 Pod，pattern: mq-proxy, namespace: ns-dupf
2026-04-22 10:44:43 - chaos - INFO - 找到包含匹配的 Pod: dupf-sf-mq-proxy-0
2026-04-22 10:44:43 - chaos - INFO - 找到包含匹配的 Pod: dupf-sf-mq-proxy-1
2026-04-22 10:44:43 - chaos - INFO - 找到包含匹配的 Pod: dupf-sf-mq-proxy-2
2026-04-22 10:44:43 - chaos - INFO - 找到 3 个匹配的 Pod
2026-04-22 10:44:43 - chaos - INFO - 随机选择 Pod: dupf-sf-mq-proxy-2
2026-04-22 10:44:43 - chaos - INFO - [DEBUG] 找到 1 个目标
2026-04-22 10:44:43 - chaos - INFO - [DEBUG] ---------- 处理目标 1/1 ----------
2026-04-22 10:44:43 - chaos - INFO - [DEBUG] 目标名称: dupf-sf-mq-proxy-2
2026-04-22 10:44:43 - chaos - INFO - [DEBUG] 目标节点: None
2026-04-22 10:44:43 - chaos - INFO - [DEBUG] 创建故障注入器...
2026-04-22 10:44:43 - chaos - INFO - [DEBUG] 准备注入故障...
2026-04-22 10:44:43 - chaos - INFO - [DEBUG] 注入参数: {'fault_type': 'duplicate', 'correlation': ['30%', '90%'], 'percent': ['10%', '90%']}
2026-04-22 10:44:43 - chaos - INFO - 获取 Pod dupf-sf-mq-proxy-2 的 pause 容器 ID
2026-04-22 10:44:43 - chaos - INFO - 获取 Pod dupf-sf-mq-proxy-2 所在的节点，namespace: ns-dupf
2026-04-22 10:44:43 - chaos - INFO - Pod dupf-sf-mq-proxy-2 运行在节点 dupf02
2026-04-22 10:44:43 - chaos - INFO - Pod dupf-sf-mq-proxy-2 运行在节点 dupf02
2026-04-22 10:44:43 - chaos - INFO - 找到节点 dupf02 对应的环境: 2_ssh_remote
2026-04-22 10:44:43 - chaos - INFO - 解析后的 pause 容器 ID: cb4782353c3b
2026-04-22 10:44:43 - chaos - INFO - 获取容器的 PID
2026-04-22 10:44:43 - chaos - INFO - 容器 ID: cb4782353c3b
2026-04-22 10:44:43 - chaos - INFO - 提取的容器 PID: 47656
2026-04-22 10:44:43 - chaos - INFO - 为 Pod dupf-sf-mq-proxy-2 注入网络数据包重复
2026-04-22 10:44:43 - chaos - INFO - 重复比例: 18%
2026-04-22 10:44:43 - chaos - INFO - 相关性: 62%
2026-04-22 10:44:43 - chaos - INFO - tc 命令: tc qdisc add dev eth0 root netem duplicate 18% 62%
2026-04-22 10:44:43 - chaos - INFO - 网络数据包重复注入成功
2026-04-22 10:44:43 - chaos - INFO - [DEBUG] 故障注入成功
2026-04-22 10:44:43 - chaos - INFO - [DEBUG] 故障ID: duplicate_dupf-sf-mq-proxy-2_ns-dupf_1776825883
2026-04-22 10:44:43 - chaos - INFO - 记录故障：duplicate_dupf-sf-mq-proxy-2_ns-dupf_1776825883
2026-04-22 10:44:43 - chaos - INFO - [DEBUG] 开始等待 duration: 240s (240.0秒)
2026-04-22 10:48:25 - chaos - INFO - 收到信号 2，准备停止工作流...
2026-04-22 10:48:25 - chaos - INFO - 工作流执行已请求停止
