2026-04-28 13:58:49 - chaos - INFO - 执行单个 Case: cases/examples/pod_stop_example.yaml
2026-04-28 13:58:49 - chaos - INFO - [DEBUG] ========== 开始执行 Case ==========
2026-04-28 13:58:49 - chaos - INFO - [DEBUG] Case名称: pod_stop_example
2026-04-28 13:58:49 - chaos - INFO - [DEBUG] Case类型: pod
2026-04-28 13:58:49 - chaos - INFO - [DEBUG] 故障类型: stop
2026-04-28 13:58:49 - chaos - INFO - [DEBUG] 环境: 1_ssh_remote
2026-04-28 13:58:49 - chaos - INFO - [DEBUG] 执行 Case 迭代 1/1
2026-04-28 13:58:49 - chaos - INFO - [DEBUG] 开始获取目标列表...
2026-04-28 13:58:49 - chaos.utils.remote - INFO - 后台健康检查线程已启动
2026-04-28 13:58:49 - chaos.utils.remote - INFO - 创建新连接: root@10.230.246.167:50163
2026-04-28 13:58:49 - chaos.utils.remote - INFO - SSH连接建立成功: 10.230.246.167:50163, 耗时: 0.11s
2026-04-28 13:58:49 - chaos.utils.remote - INFO - 新连接创建成功: root@10.230.246.167:50163，当前连接池大小: 1
2026-04-28 13:58:49 - chaos - INFO - 获取 etcd Pod 列表，namespace: ns-dupf, filter_type: etcd-follower
2026-04-28 13:58:49 - chaos - INFO - 获取 etcd Follower Pod 列表，namespace: ns-dupf
2026-04-28 13:58:51 - chaos - INFO - 获取到 registry-center IP: 10.233.50.22
2026-04-28 13:58:51 - chaos - INFO - 获取 etcd Pod 列表，namespace: ns-dupf, filter_type: None
2026-04-28 13:58:51 - chaos - INFO - 找到 3 个 etcd Pod（过滤类型：默认）
2026-04-28 13:58:51 - chaos - INFO - 找到 2 个 etcd Follower
2026-04-28 13:58:51 - chaos - INFO - 随机选择 Pod: dupf-etcd-2
2026-04-28 13:58:51 - chaos - INFO - [DEBUG] 找到 1 个目标
2026-04-28 13:58:51 - chaos - INFO - [DEBUG] ---------- 处理目标 1/1 ----------
2026-04-28 13:58:51 - chaos - INFO - [DEBUG] 目标名称: dupf-etcd-2
2026-04-28 13:58:51 - chaos - INFO - [DEBUG] 目标节点: None
2026-04-28 13:58:51 - chaos - INFO - [DEBUG] 创建故障注入器...
2026-04-28 13:58:51 - chaos - INFO - [DEBUG] 准备注入故障...
2026-04-28 13:58:51 - chaos - INFO - [DEBUG] 注入参数: {'fault_type': 'stop'}
2026-04-28 13:58:51 - chaos - INFO - 获取 Pod dupf-etcd-2 所在的节点名称
2026-04-28 13:58:52 - chaos - INFO - Pod dupf-etcd-2 所在的节点: dupf01
2026-04-28 13:58:52 - chaos - INFO - 找到匹配的环境: 1_ssh_remote
2026-04-28 13:58:52 - chaos - INFO - 获取 Pod dupf-etcd-2 的容器 ID
2026-04-28 13:58:52 - chaos - INFO - 容器 ID: f7da65d338d07d52dbcdabb1fd5bd8e329f7435dc32fd2a812de6a6dc05d584f
2026-04-28 13:58:52 - chaos - INFO - 停止容器 f7da65d338d07d52dbcdabb1fd5bd8e329f7435dc32fd2a812de6a6dc05d584f
2026-04-28 13:58:57 - chaos - INFO - 容器 f7da65d338d07d52dbcdabb1fd5bd8e329f7435dc32fd2a812de6a6dc05d584f 停止成功
2026-04-28 13:58:57 - chaos - INFO - [DEBUG] 故障注入成功
2026-04-28 13:58:57 - chaos - INFO - [DEBUG] 故障ID: stop_dupf-etcd-2_ns-dupf_1777355931
2026-04-28 13:58:57 - chaos - INFO - 记录故障：stop_dupf-etcd-2_ns-dupf_1777355931
2026-04-28 13:58:57 - chaos - INFO - [DEBUG] 开始等待 duration: 15s (15.0秒)
2026-04-28 13:59:12 - chaos - INFO - [DEBUG] duration 等待完成
2026-04-28 13:59:12 - chaos - INFO - [DEBUG] 开始清理故障: stop_dupf-etcd-2_ns-dupf_1777355931
2026-04-28 13:59:12 - chaos - INFO - 恢复停止的容器，故障 ID: stop_dupf-etcd-2_ns-dupf_1777355931
2026-04-28 13:59:12 - chaos - INFO - 启动容器 f7da65d338d07d52dbcdabb1fd5bd8e329f7435dc32fd2a812de6a6dc05d584f (Pod: dupf-etcd-2)
2026-04-28 13:59:13 - chaos - INFO - 容器 f7da65d338d07d52dbcdabb1fd5bd8e329f7435dc32fd2a812de6a6dc05d584f 启动成功
2026-04-28 13:59:13 - chaos - INFO - [DEBUG] 故障清理成功: stop_dupf-etcd-2_ns-dupf_1777355931
2026-04-28 13:59:13 - chaos - INFO - 标记故障已恢复：stop_dupf-etcd-2_ns-dupf_1777355931
