2026-04-21 17:46:00 - chaos - INFO - 执行单个 Case: cases/computer/computer_reboot.yaml
2026-04-21 17:46:00 - chaos - INFO - [DEBUG] ========== 开始执行 Case ==========
2026-04-21 17:46:00 - chaos - INFO - [DEBUG] Case名称: computer_reboot
2026-04-21 17:46:00 - chaos - INFO - [DEBUG] Case类型: computer
2026-04-21 17:46:00 - chaos - INFO - [DEBUG] 故障类型: reboot
2026-04-21 17:46:00 - chaos - INFO - [DEBUG] 环境: None
2026-04-21 17:46:00 - chaos - INFO - [DEBUG] 执行 Case 迭代 1/1
2026-04-21 17:46:00 - chaos - INFO - [DEBUG] 开始获取目标列表...
2026-04-21 17:46:00 - chaos - INFO - [DEBUG] 找到 1 个目标
2026-04-21 17:46:00 - chaos - INFO - [DEBUG] ---------- 处理目标 1/1 ----------
2026-04-21 17:46:00 - chaos - INFO - [DEBUG] 目标名称: ['3_ssh_remote']
2026-04-21 17:46:00 - chaos - INFO - [DEBUG] 目标节点: None
2026-04-21 17:46:00 - chaos - INFO - [DEBUG] 创建故障注入器...
2026-04-21 17:46:00 - chaos - INFO - [DEBUG] 准备注入故障...
2026-04-21 17:46:00 - chaos - INFO - [DEBUG] 注入参数: {'fault_type': 'reboot'}
2026-04-21 17:46:00 - chaos - INFO - 正在重启物理机：3_ssh_remote (10.230.246.169)
2026-04-21 17:46:00 - chaos.utils.remote - INFO - 后台健康检查线程已启动
2026-04-21 17:46:00 - chaos.utils.remote - INFO - 创建新连接: root@10.230.246.169:50163
2026-04-21 17:46:00 - chaos.utils.remote - INFO - SSH连接建立成功: 10.230.246.169:50163, 耗时: 0.11s
2026-04-21 17:46:00 - chaos.utils.remote - INFO - 新连接创建成功: root@10.230.246.169:50163，当前连接池大小: 1
2026-04-21 17:46:03 - chaos - INFO - 物理机 3_ssh_remote 重启命令已发送
2026-04-21 17:46:03 - chaos - INFO - [DEBUG] 故障注入成功
2026-04-21 17:46:03 - chaos - INFO - [DEBUG] 故障ID: reboot_3_ssh_remote_1776764760
2026-04-21 17:46:03 - chaos - INFO - 记录故障：reboot_3_ssh_remote_1776764760
2026-04-21 17:46:03 - chaos - INFO - [DEBUG] 开始等待 duration: 1200s (1200.0秒)
2026-04-21 18:07:50 - chaos - INFO - [DEBUG] duration 等待完成
2026-04-21 18:07:50 - chaos - INFO - [DEBUG] 开始清理故障: reboot_3_ssh_remote_1776764760
2026-04-21 18:07:50 - chaos - INFO - 物理机重启后自动恢复：reboot_3_ssh_remote_1776764760
2026-04-21 18:07:50 - chaos - INFO - [DEBUG] 故障清理成功: reboot_3_ssh_remote_1776764760
2026-04-21 18:07:50 - chaos - INFO - 标记故障已恢复：reboot_3_ssh_remote_1776764760
